[2022-07-19 09:26:19]-[INFO]-[D:\scu_mp3\scu_mp3\scu_mp3\music_Function.c] :>      LINE:  81   Successfully initial all songs
[2022-07-19 09:26:55]-[INFO]-[D:\scu_mp3\scu_mp3\scu_mp3\music_Function.c] :>      LINE:  33   Successfully create list called klr
[2022-07-19 09:27:15]-[INFO]-[D:\scu_mp3\scu_mp3\scu_mp3\music_Function.c] :>      LINE:  81   Successfully initial all songs
[2022-07-19 09:27:49]-[INFO]-[D:\scu_mp3\scu_mp3\scu_mp3\music_Function.c] :>      LINE:  65   Successfully remove list called klr
[2022-07-19 09:27:55]-[INFO]-[D:\scu_mp3\scu_mp3\scu_mp3\music_Function.c] :>      LINE:  81   Successfully initial all songs
[2022-07-19 09:28:31]-[INFO]-[D:\scu_mp3\scu_mp3\scu_mp3\music_Function.c] :>      LINE:  81   Successfully initial all songs
[2022-07-19 09:29:00]-[INFO]-[D:\scu_mp3\scu_mp3\scu_mp3\music_Function.c] :>      LINE:  81   Successfully initial all songs
[2022-07-19 09:29:08]-[INFO]-[D:\scu_mp3\scu_mp3\scu_mp3\music_Function.c] :>      LINE:  339   remove the 1st in dzj的歌单
[2022-07-19 09:29:11]-[INFO]-[D:\scu_mp3\scu_mp3\scu_mp3\music_Function.c] :>      LINE:  81   Successfully initial all songs
[2022-07-19 09:29:36]-[INFO]-[D:\scu_mp3\scu_mp3\scu_mp3\music_Function.c] :>      LINE:  81   Successfully initial all songs
[2022-07-19 09:29:47]-[INFO]-[D:\scu_mp3\scu_mp3\scu_mp3\music_Function.c] :>      LINE:  339   remove the 1st in dzj的歌单
[2022-07-19 09:29:49]-[INFO]-[D:\scu_mp3\scu_mp3\scu_mp3\music_Function.c] :>      LINE:  81   Successfully initial all songs
[2022-07-19 09:30:05]-[INFO]-[D:\scu_mp3\scu_mp3\scu_mp3\music_Function.c] :>      LINE:  81   Successfully initial all songs
[2022-07-19 09:30:10]-[INFO]-[D:\scu_mp3\scu_mp3\scu_mp3\music_Function.c] :>      LINE:  224   play music named  BEYOND-海阔天空.mp3  
[2022-07-19 09:30:10]-[INFO]-[D:\scu_mp3\scu_mp3\scu_mp3\music_Function.c] :>      LINE:  225   read lyric named  BEYOND-海阔天空.mp3  
[2022-07-19 09:30:18]-[INFO]-[D:\scu_mp3\scu_mp3\scu_mp3\music_Function.c] :>      LINE:  381   close music named  BEYOND-海阔天空.mp3  
[2022-07-19 09:30:18]-[INFO]-[D:\scu_mp3\scu_mp3\scu_mp3\music_Function.c] :>      LINE:  81   Successfully initial all songs
[2022-07-19 09:30:27]-[INFO]-[D:\scu_mp3\scu_mp3\scu_mp3\music_Function.c] :>      LINE:  81   Successfully initial all songs
[2022-07-19 09:30:34]-[INFO]-[D:\scu_mp3\scu_mp3\scu_mp3\music_Function.c] :>      LINE:  81   Successfully initial all songs
[2022-07-19 09:42:16]-[INFO]-[D:\scu_mp3\scu_mp3\scu_mp3\music_Function.c] :>      LINE:  151   Successfully change color
[2022-07-19 09:59:36]-[INFO]-[D:\scu_mp3\scu_mp3\scu_mp3\music_Function.c] :>      LINE:  151   Successfully change color
[2022-07-19 09:59:49]-[INFO]-[D:\scu_mp3\scu_mp3\scu_mp3\music_Function.c] :>      LINE:  81   Successfully initial all songs
[2022-07-19 10:00:01]-[INFO]-[D:\scu_mp3\scu_mp3\scu_mp3\music_Function.c] :>      LINE:  81   Successfully initial all songs
[2022-07-19 10:00:17]-[INFO]-[D:\scu_mp3\scu_mp3\scu_mp3\music_Function.c] :>      LINE:  224   play music named  温奕心-一路生花.mp3  
[2022-07-19 10:00:17]-[INFO]-[D:\scu_mp3\scu_mp3\scu_mp3\music_Function.c] :>      LINE:  225   read lyric named  温奕心-一路生花.mp3  
[2022-07-19 10:00:21]-[INFO]-[D:\scu_mp3\scu_mp3\scu_mp3\music_Function.c] :>      LINE:  381   close music named  温奕心-一路生花.mp3  
[2022-07-19 10:00:21]-[INFO]-[D:\scu_mp3\scu_mp3\scu_mp3\music_Function.c] :>      LINE:  81   Successfully initial all songs
[2022-07-19 10:00:21]-[INFO]-[D:\scu_mp3\scu_mp3\scu_mp3\music_Function.c] :>      LINE:  81   Successfully initial all songs
[2022-07-19 10:00:21]-[INFO]-[D:\scu_mp3\scu_mp3\scu_mp3\music_Function.c] :>      LINE:  81   Successfully initial all songs
[2022-07-19 10:00:27]-[INFO]-[D:\scu_mp3\scu_mp3\scu_mp3\music_Function.c] :>      LINE:  81   Successfully initial all songs
[2022-07-19 10:00:30]-[INFO]-[D:\scu_mp3\scu_mp3\scu_mp3\music_Function.c] :>      LINE:  224   play music named  等什么君(邓寓君)-天下.mp3  
[2022-07-19 10:00:30]-[INFO]-[D:\scu_mp3\scu_mp3\scu_mp3\music_Function.c] :>      LINE:  225   read lyric named  等什么君(邓寓君)-天下.mp3  
[2022-07-19 10:01:17]-[INFO]-[D:\scu_mp3\scu_mp3\scu_mp3\music_Function.c] :>      LINE:  381   close music named  等什么君(邓寓君)-天下.mp3  
[2022-07-19 10:01:18]-[INFO]-[D:\scu_mp3\scu_mp3\scu_mp3\music_Function.c] :>      LINE:  224   play music named  温奕心-一路生花.mp3  
[2022-07-19 10:01:18]-[INFO]-[D:\scu_mp3\scu_mp3\scu_mp3\music_Function.c] :>      LINE:  225   read lyric named  温奕心-一路生花.mp3  
[2022-07-19 10:01:23]-[INFO]-[D:\scu_mp3\scu_mp3\scu_mp3\music_Function.c] :>      LINE:  381   close music named  温奕心-一路生花.mp3  
[2022-07-19 10:01:23]-[INFO]-[D:\scu_mp3\scu_mp3\scu_mp3\music_Function.c] :>      LINE:  224   play music named  海伦-画离弦.mp3  
[2022-07-19 10:01:23]-[INFO]-[D:\scu_mp3\scu_mp3\scu_mp3\music_Function.c] :>      LINE:  225   read lyric named  海伦-画离弦.mp3  
[2022-07-19 10:01:26]-[INFO]-[D:\scu_mp3\scu_mp3\scu_mp3\music_Function.c] :>      LINE:  381   close music named  海伦-画离弦.mp3  
[2022-07-19 10:01:26]-[INFO]-[D:\scu_mp3\scu_mp3\scu_mp3\music_Function.c] :>      LINE:  224   play music named  温奕心-一路生花.mp3  
[2022-07-19 10:01:26]-[INFO]-[D:\scu_mp3\scu_mp3\scu_mp3\music_Function.c] :>      LINE:  225   read lyric named  温奕心-一路生花.mp3  
[2022-07-19 10:01:28]-[INFO]-[D:\scu_mp3\scu_mp3\scu_mp3\music_Function.c] :>      LINE:  381   close music named  温奕心-一路生花.mp3  
[2022-07-19 10:01:28]-[INFO]-[D:\scu_mp3\scu_mp3\scu_mp3\music_Function.c] :>      LINE:  224   play music named  等什么君(邓寓君)-天下.mp3  
[2022-07-19 10:01:28]-[INFO]-[D:\scu_mp3\scu_mp3\scu_mp3\music_Function.c] :>      LINE:  225   read lyric named  等什么君(邓寓君)-天下.mp3  
[2022-07-19 10:01:38]-[INFO]-[D:\scu_mp3\scu_mp3\scu_mp3\music_Function.c] :>      LINE:  381   close music named  等什么君(邓寓君)-天下.mp3  
[2022-07-19 10:01:38]-[INFO]-[D:\scu_mp3\scu_mp3\scu_mp3\music_Function.c] :>      LINE:  381   close music named  等什么君(邓寓君)-天下.mp3  
[2022-07-19 10:01:40]-[INFO]-[D:\scu_mp3\scu_mp3\scu_mp3\music_Function.c] :>      LINE:  381   close music named  温奕心-一路生花.mp3  
[2022-07-19 10:01:41]-[INFO]-[D:\scu_mp3\scu_mp3\scu_mp3\music_Function.c] :>      LINE:  381   close music named  海伦-画离弦.mp3  
[2022-07-19 10:01:42]-[INFO]-[D:\scu_mp3\scu_mp3\scu_mp3\music_Function.c] :>      LINE:  381   close music named  温奕心-一路生花.mp3  
[2022-07-19 10:01:42]-[INFO]-[D:\scu_mp3\scu_mp3\scu_mp3\music_Function.c] :>      LINE:  81   Successfully initial all songs
[2022-07-19 10:01:42]-[INFO]-[D:\scu_mp3\scu_mp3\scu_mp3\music_Function.c] :>      LINE:  81   Successfully initial all songs
[2022-07-19 10:01:42]-[INFO]-[D:\scu_mp3\scu_mp3\scu_mp3\music_Function.c] :>      LINE:  81   Successfully initial all songs
[2022-07-19 10:01:42]-[INFO]-[D:\scu_mp3\scu_mp3\scu_mp3\music_Function.c] :>      LINE:  81   Successfully initial all songs
[2022-07-19 10:01:42]-[INFO]-[D:\scu_mp3\scu_mp3\scu_mp3\music_Function.c] :>      LINE:  81   Successfully initial all songs
[2022-07-19 10:01:42]-[INFO]-[D:\scu_mp3\scu_mp3\scu_mp3\music_Function.c] :>      LINE:  81   Successfully initial all songs
[2022-07-19 10:01:42]-[INFO]-[D:\scu_mp3\scu_mp3\scu_mp3\music_Function.c] :>      LINE:  81   Successfully initial all songs
[2022-07-19 10:01:42]-[INFO]-[D:\scu_mp3\scu_mp3\scu_mp3\music_Function.c] :>      LINE:  81   Successfully initial all songs
[2022-07-19 10:01:42]-[INFO]-[D:\scu_mp3\scu_mp3\scu_mp3\music_Function.c] :>      LINE:  81   Successfully initial all songs
[2022-07-19 10:01:42]-[INFO]-[D:\scu_mp3\scu_mp3\scu_mp3\music_Function.c] :>      LINE:  81   Successfully initial all songs
[2022-07-19 10:01:42]-[INFO]-[D:\scu_mp3\scu_mp3\scu_mp3\music_Function.c] :>      LINE:  81   Successfully initial all songs
[2022-07-19 10:01:42]-[INFO]-[D:\scu_mp3\scu_mp3\scu_mp3\music_Function.c] :>      LINE:  81   Successfully initial all songs
[2022-07-19 10:01:42]-[INFO]-[D:\scu_mp3\scu_mp3\scu_mp3\music_Function.c] :>      LINE:  81   Successfully initial all songs
[2022-07-19 10:01:43]-[INFO]-[D:\scu_mp3\scu_mp3\scu_mp3\music_Function.c] :>      LINE:  81   Successfully initial all songs
[2022-07-19 10:01:43]-[INFO]-[D:\scu_mp3\scu_mp3\scu_mp3\music_Function.c] :>      LINE:  81   Successfully initial all songs
[2022-07-19 10:01:43]-[INFO]-[D:\scu_mp3\scu_mp3\scu_mp3\music_Function.c] :>      LINE:  81   Successfully initial all songs
[2022-07-19 10:01:43]-[INFO]-[D:\scu_mp3\scu_mp3\scu_mp3\music_Function.c] :>      LINE:  81   Successfully initial all songs
[2022-07-19 10:01:43]-[INFO]-[D:\scu_mp3\scu_mp3\scu_mp3\music_Function.c] :>      LINE:  81   Successfully initial all songs
[2022-07-19 10:01:43]-[INFO]-[D:\scu_mp3\scu_mp3\scu_mp3\music_Function.c] :>      LINE:  81   Successfully initial all songs
[2022-07-19 10:01:43]-[INFO]-[D:\scu_mp3\scu_mp3\scu_mp3\music_Function.c] :>      LINE:  81   Successfully initial all songs
[2022-07-19 10:01:43]-[INFO]-[D:\scu_mp3\scu_mp3\scu_mp3\music_Function.c] :>      LINE:  81   Successfully initial all songs
[2022-07-19 10:01:43]-[INFO]-[D:\scu_mp3\scu_mp3\scu_mp3\music_Function.c] :>      LINE:  81   Successfully initial all songs
[2022-07-19 10:01:43]-[INFO]-[D:\scu_mp3\scu_mp3\scu_mp3\music_Function.c] :>      LINE:  81   Successfully initial all songs
[2022-07-19 10:01:43]-[INFO]-[D:\scu_mp3\scu_mp3\scu_mp3\music_Function.c] :>      LINE:  81   Successfully initial all songs
[2022-07-19 10:01:43]-[INFO]-[D:\scu_mp3\scu_mp3\scu_mp3\music_Function.c] :>      LINE:  81   Successfully initial all songs
[2022-07-19 10:01:43]-[INFO]-[D:\scu_mp3\scu_mp3\scu_mp3\music_Function.c] :>      LINE:  81   Successfully initial all songs
[2022-07-19 10:01:43]-[INFO]-[D:\scu_mp3\scu_mp3\scu_mp3\music_Function.c] :>      LINE:  81   Successfully initial all songs
[2022-07-19 10:01:43]-[INFO]-[D:\scu_mp3\scu_mp3\scu_mp3\music_Function.c] :>      LINE:  81   Successfully initial all songs
[2022-07-19 10:01:43]-[INFO]-[D:\scu_mp3\scu_mp3\scu_mp3\music_Function.c] :>      LINE:  81   Successfully initial all songs
[2022-07-19 10:01:43]-[INFO]-[D:\scu_mp3\scu_mp3\scu_mp3\music_Function.c] :>      LINE:  81   Successfully initial all songs
[2022-07-19 10:01:43]-[INFO]-[D:\scu_mp3\scu_mp3\scu_mp3\music_Function.c] :>      LINE:  81   Successfully initial all songs
[2022-07-19 10:01:43]-[INFO]-[D:\scu_mp3\scu_mp3\scu_mp3\music_Function.c] :>      LINE:  81   Successfully initial all songs
[2022-07-19 10:01:43]-[INFO]-[D:\scu_mp3\scu_mp3\scu_mp3\music_Function.c] :>      LINE:  81   Successfully initial all songs
[2022-07-19 10:01:43]-[INFO]-[D:\scu_mp3\scu_mp3\scu_mp3\music_Function.c] :>      LINE:  81   Successfully initial all songs
[2022-07-19 10:01:49]-[INFO]-[D:\scu_mp3\scu_mp3\scu_mp3\music_Function.c] :>      LINE:  81   Successfully initial all songs
[2022-07-19 10:01:55]-[INFO]-[D:\scu_mp3\scu_mp3\scu_mp3\music_Function.c] :>      LINE:  224   play music named  等什么君(邓寓君)-慕夏.mp3  
[2022-07-19 10:01:55]-[INFO]-[D:\scu_mp3\scu_mp3\scu_mp3\music_Function.c] :>      LINE:  225   read lyric named  等什么君(邓寓君)-慕夏.mp3  
[2022-07-19 10:02:00]-[INFO]-[D:\scu_mp3\scu_mp3\scu_mp3\music_Function.c] :>      LINE:  381   close music named  等什么君(邓寓君)-慕夏.mp3  
[2022-07-19 10:02:00]-[INFO]-[D:\scu_mp3\scu_mp3\scu_mp3\music_Function.c] :>      LINE:  81   Successfully initial all songs
[2022-07-19 10:02:00]-[INFO]-[D:\scu_mp3\scu_mp3\scu_mp3\music_Function.c] :>      LINE:  81   Successfully initial all songs
[2022-07-19 10:02:17]-[INFO]-[D:\scu_mp3\scu_mp3\scu_mp3\music_Function.c] :>      LINE:  81   Successfully initial all songs
[2022-07-19 10:02:20]-[INFO]-[D:\scu_mp3\scu_mp3\scu_mp3\music_Function.c] :>      LINE:  224   play music named  等什么君(邓寓君)-慕夏.mp3  
[2022-07-19 10:02:20]-[INFO]-[D:\scu_mp3\scu_mp3\scu_mp3\music_Function.c] :>      LINE:  225   read lyric named  等什么君(邓寓君)-慕夏.mp3  
[2022-07-19 10:02:29]-[INFO]-[D:\scu_mp3\scu_mp3\scu_mp3\music_Function.c] :>      LINE:  381   close music named  等什么君(邓寓君)-慕夏.mp3  
[2022-07-19 10:02:29]-[INFO]-[D:\scu_mp3\scu_mp3\scu_mp3\music_Function.c] :>      LINE:  81   Successfully initial all songs
[2022-07-19 10:02:29]-[INFO]-[D:\scu_mp3\scu_mp3\scu_mp3\music_Function.c] :>      LINE:  81   Successfully initial all songs
[2022-07-19 13:40:36]-[INFO]-[D:\scu_mp3\scu_mp3\scu_mp3\music_Function.c] :>      LINE:  81   Successfully initial all songs
[2022-07-19 13:40:44]-[INFO]-[D:\scu_mp3\scu_mp3\scu_mp3\music_Function.c] :>      LINE:  224   play music named  yihuik苡慧-银河与星斗.mp3  
[2022-07-19 13:40:44]-[INFO]-[D:\scu_mp3\scu_mp3\scu_mp3\music_Function.c] :>      LINE:  225   read lyric named  yihuik苡慧-银河与星斗.mp3  
[2022-07-19 13:40:49]-[INFO]-[D:\scu_mp3\scu_mp3\scu_mp3\music_Function.c] :>      LINE:  381   close music named  yihuik苡慧-银河与星斗.mp3  
[2022-07-19 13:40:49]-[INFO]-[D:\scu_mp3\scu_mp3\scu_mp3\music_Function.c] :>      LINE:  81   Successfully initial all songs
[2022-07-19 13:40:49]-[INFO]-[D:\scu_mp3\scu_mp3\scu_mp3\music_Function.c] :>      LINE:  81   Successfully initial all songs
[2022-07-19 13:40:57]-[INFO]-[D:\scu_mp3\scu_mp3\scu_mp3\music_Function.c] :>      LINE:  81   Successfully initial all songs
[2022-07-19 13:40:59]-[INFO]-[D:\scu_mp3\scu_mp3\scu_mp3\music_Function.c] :>      LINE:  224   play music named  于果-侧脸.mp3  
[2022-07-19 13:40:59]-[INFO]-[D:\scu_mp3\scu_mp3\scu_mp3\music_Function.c] :>      LINE:  225   read lyric named  于果-侧脸.mp3  
[2022-07-19 13:41:14]-[INFO]-[D:\scu_mp3\scu_mp3\scu_mp3\music_Function.c] :>      LINE:  88   successfully add comment to 于果-侧脸.mp3  
[2022-07-19 13:41:15]-[INFO]-[D:\scu_mp3\scu_mp3\scu_mp3\music_Function.c] :>      LINE:  381   close music named  于果-侧脸.mp3  
[2022-07-19 13:41:15]-[INFO]-[D:\scu_mp3\scu_mp3\scu_mp3\music_Function.c] :>      LINE:  81   Successfully initial all songs
[2022-07-19 13:41:21]-[INFO]-[D:\scu_mp3\scu_mp3\scu_mp3\music_Function.c] :>      LINE:  224   play music named  于果-侧脸.mp3  
[2022-07-19 13:41:21]-[INFO]-[D:\scu_mp3\scu_mp3\scu_mp3\music_Function.c] :>      LINE:  225   read lyric named  于果-侧脸.mp3  
[2022-07-19 13:41:32]-[INFO]-[D:\scu_mp3\scu_mp3\scu_mp3\music_Function.c] :>      LINE:  381   close music named  于果-侧脸.mp3  
[2022-07-19 13:41:32]-[INFO]-[D:\scu_mp3\scu_mp3\scu_mp3\music_Function.c] :>      LINE:  81   Successfully initial all songs
[2022-07-19 13:41:32]-[INFO]-[D:\scu_mp3\scu_mp3\scu_mp3\music_Function.c] :>      LINE:  81   Successfully initial all songs
[2022-07-19 13:49:05]-[INFO]-[D:\scu_mp3\scu_mp3\scu_mp3\music_Function.c] :>      LINE:  151   Successfully change color
[2022-07-19 13:49:13]-[INFO]-[D:\scu_mp3\scu_mp3\scu_mp3\music_Function.c] :>      LINE:  151   Successfully change color
[2022-07-19 14:01:31]-[INFO]-[D:\scu_mp3\scu_mp3\scu_mp3\music_Function.c] :>      LINE:  81   Successfully initial all songs
[2022-07-19 14:01:34]-[INFO]-[D:\scu_mp3\scu_mp3\scu_mp3\music_Function.c] :>      LINE:  224   play music named  等什么君(邓寓君)-慕夏.mp3  
[2022-07-19 14:01:34]-[INFO]-[D:\scu_mp3\scu_mp3\scu_mp3\music_Function.c] :>      LINE:  225   read lyric named  等什么君(邓寓君)-慕夏.mp3  
[2022-07-19 14:01:38]-[INFO]-[D:\scu_mp3\scu_mp3\scu_mp3\music_Function.c] :>      LINE:  381   close music named  等什么君(邓寓君)-慕夏.mp3  
[2022-07-19 14:01:38]-[INFO]-[D:\scu_mp3\scu_mp3\scu_mp3\music_Function.c] :>      LINE:  81   Successfully initial all songs
[2022-07-19 14:01:48]-[INFO]-[D:\scu_mp3\scu_mp3\scu_mp3\music_Function.c] :>      LINE:  224   play music named  yihuik苡慧-银河与星斗.mp3  
[2022-07-19 14:01:48]-[INFO]-[D:\scu_mp3\scu_mp3\scu_mp3\music_Function.c] :>      LINE:  225   read lyric named  yihuik苡慧-银河与星斗.mp3  
[2022-07-19 14:01:57]-[INFO]-[D:\scu_mp3\scu_mp3\scu_mp3\music_Function.c] :>      LINE:  381   close music named  yihuik苡慧-银河与星斗.mp3  
[2022-07-19 14:01:57]-[INFO]-[D:\scu_mp3\scu_mp3\scu_mp3\music_Function.c] :>      LINE:  81   Successfully initial all songs
[2022-07-19 14:01:57]-[INFO]-[D:\scu_mp3\scu_mp3\scu_mp3\music_Function.c] :>      LINE:  81   Successfully initial all songs
[2022-07-19 14:16:10]-[INFO]-[D:\scu_mp3\scu_mp3\scu_mp3\music_Function.c] :>      LINE:  81   Successfully initial all songs
[2022-07-19 14:16:20]-[INFO]-[D:\scu_mp3\scu_mp3\scu_mp3\music_Function.c] :>      LINE:  81   Successfully initial all songs
[2022-07-19 14:18:57]-[INFO]-[D:\scu_mp3\scu_mp3\scu_mp3\music_Function.c] :>      LINE:  81   Successfully initial all songs
[2022-07-19 14:22:45]-[INFO]-[D:\scu_mp3\scu_mp3\scu_mp3\music_Function.c] :>      LINE:  81   Successfully initial all songs
[2022-07-19 14:22:50]-[INFO]-[D:\scu_mp3\scu_mp3\scu_mp3\music_Function.c] :>      LINE:  81   Successfully initial all songs
[2022-07-19 14:22:53]-[INFO]-[D:\scu_mp3\scu_mp3\scu_mp3\music_Function.c] :>      LINE:  224   play music named  BEYOND-海阔天空.mp3  
[2022-07-19 14:22:53]-[INFO]-[D:\scu_mp3\scu_mp3\scu_mp3\music_Function.c] :>      LINE:  225   read lyric named  BEYOND-海阔天空.mp3  
[2022-07-19 14:23:06]-[INFO]-[D:\scu_mp3\scu_mp3\scu_mp3\music_Function.c] :>      LINE:  381   close music named  BEYOND-海阔天空.mp3  
[2022-07-19 14:23:06]-[INFO]-[D:\scu_mp3\scu_mp3\scu_mp3\music_Function.c] :>      LINE:  81   Successfully initial all songs
[2022-07-19 14:23:06]-[INFO]-[D:\scu_mp3\scu_mp3\scu_mp3\music_Function.c] :>      LINE:  81   Successfully initial all songs
[2022-07-19 14:23:11]-[INFO]-[D:\scu_mp3\scu_mp3\scu_mp3\music_Function.c] :>      LINE:  81   Successfully initial all songs
[2022-07-19 14:27:16]-[INFO]-[D:\scu_mp3\scu_mp3\scu_mp3\music_Function.c] :>      LINE:  81   Successfully initial all songs
[2022-07-19 14:27:24]-[INFO]-[D:\scu_mp3\scu_mp3\scu_mp3\music_Function.c] :>      LINE:  81   Successfully initial all songs
[2022-07-19 14:27:50]-[INFO]-[D:\scu_mp3\scu_mp3\scu_mp3\music_Function.c] :>      LINE:  33   Successfully create list called scu
[2022-07-19 14:28:01]-[INFO]-[D:\scu_mp3\scu_mp3\scu_mp3\music_Function.c] :>      LINE:  65   Successfully remove list called scu
[2022-07-19 14:28:05]-[INFO]-[D:\scu_mp3\scu_mp3\scu_mp3\music_Function.c] :>      LINE:  33   Successfully create list called kkk
[2022-07-19 14:28:08]-[INFO]-[D:\scu_mp3\scu_mp3\scu_mp3\music_Function.c] :>      LINE:  81   Successfully initial all songs
[2022-07-19 14:28:44]-[INFO]-[D:\scu_mp3\scu_mp3\scu_mp3\music_Function.c] :>      LINE:  81   Successfully initial all songs
[2022-07-19 14:28:50]-[INFO]-[D:\scu_mp3\scu_mp3\scu_mp3\music_Function.c] :>      LINE:  224   play music named  BEYOND-海阔天空.mp3  
[2022-07-19 14:28:50]-[INFO]-[D:\scu_mp3\scu_mp3\scu_mp3\music_Function.c] :>      LINE:  225   read lyric named  BEYOND-海阔天空.mp3  
[2022-07-19 14:29:29]-[INFO]-[D:\scu_mp3\scu_mp3\scu_mp3\music_Function.c] :>      LINE:  81   Successfully initial all songs
[2022-07-19 14:29:36]-[INFO]-[D:\scu_mp3\scu_mp3\scu_mp3\music_Function.c] :>      LINE:  224   play music named  BEYOND-海阔天空.mp3  
[2022-07-19 14:29:36]-[INFO]-[D:\scu_mp3\scu_mp3\scu_mp3\music_Function.c] :>      LINE:  225   read lyric named  BEYOND-海阔天空.mp3  
[2022-07-19 14:29:38]-[INFO]-[D:\scu_mp3\scu_mp3\scu_mp3\music_Function.c] :>      LINE:  381   close music named  BEYOND-海阔天空.mp3  
[2022-07-19 14:29:38]-[INFO]-[D:\scu_mp3\scu_mp3\scu_mp3\music_Function.c] :>      LINE:  81   Successfully initial all songs
[2022-07-19 14:29:38]-[INFO]-[D:\scu_mp3\scu_mp3\scu_mp3\music_Function.c] :>      LINE:  81   Successfully initial all songs
[2022-07-19 14:29:56]-[INFO]-[D:\scu_mp3\scu_mp3\scu_mp3\music_Function.c] :>      LINE:  81   Successfully initial all songs
[2022-07-19 14:30:06]-[INFO]-[D:\scu_mp3\scu_mp3\scu_mp3\music_Function.c] :>      LINE:  81   Successfully initial all songs
[2022-07-19 14:30:13]-[INFO]-[D:\scu_mp3\scu_mp3\scu_mp3\music_Function.c] :>      LINE:  339   remove the 7st in klr
[2022-07-19 14:30:13]-[INFO]-[D:\scu_mp3\scu_mp3\scu_mp3\music_Function.c] :>      LINE:  81   Successfully initial all songs
[2022-07-19 14:30:21]-[INFO]-[D:\scu_mp3\scu_mp3\scu_mp3\music_Function.c] :>      LINE:  224   play music named  BEYOND-海阔天空.mp3  
[2022-07-19 14:30:21]-[INFO]-[D:\scu_mp3\scu_mp3\scu_mp3\music_Function.c] :>      LINE:  225   read lyric named  BEYOND-海阔天空.mp3  
[2022-07-19 14:30:22]-[INFO]-[D:\scu_mp3\scu_mp3\scu_mp3\music_Function.c] :>      LINE:  381   close music named  BEYOND-海阔天空.mp3  
[2022-07-19 14:30:22]-[INFO]-[D:\scu_mp3\scu_mp3\scu_mp3\music_Function.c] :>      LINE:  81   Successfully initial all songs
[2022-07-19 14:30:22]-[INFO]-[D:\scu_mp3\scu_mp3\scu_mp3\music_Function.c] :>      LINE:  81   Successfully initial all songs
[2022-07-19 14:30:34]-[INFO]-[D:\scu_mp3\scu_mp3\scu_mp3\music_Function.c] :>      LINE:  81   Successfully initial all songs
[2022-07-19 14:30:37]-[INFO]-[D:\scu_mp3\scu_mp3\scu_mp3\music_Function.c] :>      LINE:  224   play music named  BEYOND-海阔天空.mp3  
[2022-07-19 14:30:37]-[INFO]-[D:\scu_mp3\scu_mp3\scu_mp3\music_Function.c] :>      LINE:  225   read lyric named  BEYOND-海阔天空.mp3  
[2022-07-19 14:30:58]-[INFO]-[D:\scu_mp3\scu_mp3\scu_mp3\music_Function.c] :>      LINE:  381   close music named  BEYOND-海阔天空.mp3  
[2022-07-19 14:30:58]-[INFO]-[D:\scu_mp3\scu_mp3\scu_mp3\music_Function.c] :>      LINE:  81   Successfully initial all songs
[2022-07-19 15:00:24]-[INFO]-[D:\scu_mp3\scu_mp3\scu_mp3\music_Function.c] :>      LINE:  81   Successfully initial all songs
[2022-07-19 15:01:12]-[INFO]-[D:\scu_mp3\scu_mp3\scu_mp3\music_Function.c] :>      LINE:  224   play music named  yihuik苡慧-银河与星斗.mp3  
[2022-07-19 15:01:12]-[INFO]-[D:\scu_mp3\scu_mp3\scu_mp3\music_Function.c] :>      LINE:  225   read lyric named  yihuik苡慧-银河与星斗.mp3  
[2022-07-19 15:02:04]-[INFO]-[D:\scu_mp3\scu_mp3\scu_mp3\music_Function.c] :>      LINE:  381   close music named  yihuik苡慧-银河与星斗.mp3  
[2022-07-19 15:02:04]-[INFO]-[D:\scu_mp3\scu_mp3\scu_mp3\music_Function.c] :>      LINE:  224   play music named  LanaDelRey-LookingForAmerica.mp3  
[2022-07-19 15:02:04]-[INFO]-[D:\scu_mp3\scu_mp3\scu_mp3\music_Function.c] :>      LINE:  225   read lyric named  LanaDelRey-LookingForAmerica.mp3  
[2022-07-19 15:02:11]-[INFO]-[D:\scu_mp3\scu_mp3\scu_mp3\music_Function.c] :>      LINE:  381   close music named  LanaDelRey-LookingForAmerica.mp3  
[2022-07-19 15:02:11]-[INFO]-[D:\scu_mp3\scu_mp3\scu_mp3\music_Function.c] :>      LINE:  224   play music named  BEYOND-海阔天空.mp3  
[2022-07-19 15:02:11]-[INFO]-[D:\scu_mp3\scu_mp3\scu_mp3\music_Function.c] :>      LINE:  225   read lyric named  BEYOND-海阔天空.mp3  
[2022-07-19 15:02:19]-[INFO]-[D:\scu_mp3\scu_mp3\scu_mp3\music_Function.c] :>      LINE:  381   close music named  BEYOND-海阔天空.mp3  
[2022-07-19 15:02:20]-[INFO]-[D:\scu_mp3\scu_mp3\scu_mp3\music_Function.c] :>      LINE:  381   close music named  BEYOND-海阔天空.mp3  
[2022-07-19 15:02:23]-[INFO]-[D:\scu_mp3\scu_mp3\scu_mp3\music_Function.c] :>      LINE:  381   close music named  LanaDelRey-LookingForAmerica.mp3  
[2022-07-19 15:02:23]-[INFO]-[D:\scu_mp3\scu_mp3\scu_mp3\music_Function.c] :>      LINE:  81   Successfully initial all songs
[2022-07-19 15:02:23]-[INFO]-[D:\scu_mp3\scu_mp3\scu_mp3\music_Function.c] :>      LINE:  81   Successfully initial all songs
[2022-07-19 15:02:23]-[INFO]-[D:\scu_mp3\scu_mp3\scu_mp3\music_Function.c] :>      LINE:  81   Successfully initial all songs
[2022-07-19 15:02:23]-[INFO]-[D:\scu_mp3\scu_mp3\scu_mp3\music_Function.c] :>      LINE:  81   Successfully initial all songs
[2022-07-19 15:02:23]-[INFO]-[D:\scu_mp3\scu_mp3\scu_mp3\music_Function.c] :>      LINE:  81   Successfully initial all songs
[2022-07-19 15:02:23]-[INFO]-[D:\scu_mp3\scu_mp3\scu_mp3\music_Function.c] :>      LINE:  81   Successfully initial all songs
[2022-07-19 15:02:23]-[INFO]-[D:\scu_mp3\scu_mp3\scu_mp3\music_Function.c] :>      LINE:  81   Successfully initial all songs
[2022-07-19 15:02:23]-[INFO]-[D:\scu_mp3\scu_mp3\scu_mp3\music_Function.c] :>      LINE:  81   Successfully initial all songs
[2022-07-19 15:02:23]-[INFO]-[D:\scu_mp3\scu_mp3\scu_mp3\music_Function.c] :>      LINE:  81   Successfully initial all songs
[2022-07-19 15:02:23]-[INFO]-[D:\scu_mp3\scu_mp3\scu_mp3\music_Function.c] :>      LINE:  81   Successfully initial all songs
[2022-07-19 15:02:23]-[INFO]-[D:\scu_mp3\scu_mp3\scu_mp3\music_Function.c] :>      LINE:  81   Successfully initial all songs
[2022-07-19 15:02:23]-[INFO]-[D:\scu_mp3\scu_mp3\scu_mp3\music_Function.c] :>      LINE:  81   Successfully initial all songs
[2022-07-19 15:02:23]-[INFO]-[D:\scu_mp3\scu_mp3\scu_mp3\music_Function.c] :>      LINE:  81   Successfully initial all songs
[2022-07-19 15:02:23]-[INFO]-[D:\scu_mp3\scu_mp3\scu_mp3\music_Function.c] :>      LINE:  81   Successfully initial all songs
[2022-07-19 15:02:23]-[INFO]-[D:\scu_mp3\scu_mp3\scu_mp3\music_Function.c] :>      LINE:  81   Successfully initial all songs
[2022-07-19 15:02:23]-[INFO]-[D:\scu_mp3\scu_mp3\scu_mp3\music_Function.c] :>      LINE:  81   Successfully initial all songs
[2022-07-19 15:02:23]-[INFO]-[D:\scu_mp3\scu_mp3\scu_mp3\music_Function.c] :>      LINE:  81   Successfully initial all songs
[2022-07-19 15:02:23]-[INFO]-[D:\scu_mp3\scu_mp3\scu_mp3\music_Function.c] :>      LINE:  81   Successfully initial all songs
[2022-07-19 15:02:23]-[INFO]-[D:\scu_mp3\scu_mp3\scu_mp3\music_Function.c] :>      LINE:  81   Successfully initial all songs
[2022-07-19 15:02:23]-[INFO]-[D:\scu_mp3\scu_mp3\scu_mp3\music_Function.c] :>      LINE:  81   Successfully initial all songs
[2022-07-19 15:02:23]-[INFO]-[D:\scu_mp3\scu_mp3\scu_mp3\music_Function.c] :>      LINE:  81   Successfully initial all songs
[2022-07-19 15:02:39]-[INFO]-[D:\scu_mp3\scu_mp3\scu_mp3\music_Function.c] :>      LINE:  81   Successfully initial all songs
[2022-07-19 15:02:42]-[INFO]-[D:\scu_mp3\scu_mp3\scu_mp3\music_Function.c] :>      LINE:  224   play music named  BEYOND-海阔天空.mp3  
[2022-07-19 15:02:42]-[INFO]-[D:\scu_mp3\scu_mp3\scu_mp3\music_Function.c] :>      LINE:  225   read lyric named  BEYOND-海阔天空.mp3  
[2022-07-19 15:02:46]-[INFO]-[D:\scu_mp3\scu_mp3\scu_mp3\music_Function.c] :>      LINE:  381   close music named  BEYOND-海阔天空.mp3  
[2022-07-19 15:02:46]-[INFO]-[D:\scu_mp3\scu_mp3\scu_mp3\music_Function.c] :>      LINE:  81   Successfully initial all songs
[2022-07-19 15:02:46]-[INFO]-[D:\scu_mp3\scu_mp3\scu_mp3\music_Function.c] :>      LINE:  81   Successfully initial all songs
[2022-07-19 15:02:59]-[INFO]-[D:\scu_mp3\scu_mp3\scu_mp3\music_Function.c] :>      LINE:  81   Successfully initial all songs
[2022-07-19 15:04:06]-[INFO]-[D:\scu_mp3\scu_mp3\scu_mp3\music_Function.c] :>      LINE:  224   play music named  郑鱼_国风新语-怎叹.mp3  
[2022-07-19 15:04:06]-[INFO]-[D:\scu_mp3\scu_mp3\scu_mp3\music_Function.c] :>      LINE:  225   read lyric named  郑鱼_国风新语-怎叹.mp3  
[2022-07-19 15:04:34]-[INFO]-[D:\scu_mp3\scu_mp3\scu_mp3\music_Function.c] :>      LINE:  88   successfully add comment to 郑鱼_国风新语-怎叹.mp3  
[2022-07-19 15:04:38]-[INFO]-[D:\scu_mp3\scu_mp3\scu_mp3\music_Function.c] :>      LINE:  381   close music named  郑鱼_国风新语-怎叹.mp3  
[2022-07-19 15:04:38]-[INFO]-[D:\scu_mp3\scu_mp3\scu_mp3\music_Function.c] :>      LINE:  81   Successfully initial all songs
[2022-07-19 15:04:44]-[INFO]-[D:\scu_mp3\scu_mp3\scu_mp3\music_Function.c] :>      LINE:  224   play music named  郑鱼_国风新语-怎叹.mp3  
[2022-07-19 15:04:44]-[INFO]-[D:\scu_mp3\scu_mp3\scu_mp3\music_Function.c] :>      LINE:  225   read lyric named  郑鱼_国风新语-怎叹.mp3  
[2022-07-19 15:05:04]-[INFO]-[D:\scu_mp3\scu_mp3\scu_mp3\music_Function.c] :>      LINE:  381   close music named  郑鱼_国风新语-怎叹.mp3  
[2022-07-19 15:05:04]-[INFO]-[D:\scu_mp3\scu_mp3\scu_mp3\music_Function.c] :>      LINE:  81   Successfully initial all songs
[2022-07-19 15:05:38]-[INFO]-[D:\scu_mp3\scu_mp3\scu_mp3\music_Function.c] :>      LINE:  81   Successfully initial all songs
[2022-07-19 15:05:38]-[INFO]-[D:\scu_mp3\scu_mp3\scu_mp3\music_Function.c] :>      LINE:  81   Successfully initial all songs
[2022-07-19 15:05:40]-[INFO]-[D:\scu_mp3\scu_mp3\scu_mp3\music_Function.c] :>      LINE:  81   Successfully initial all songs
[2022-07-19 15:05:40]-[INFO]-[D:\scu_mp3\scu_mp3\scu_mp3\music_Function.c] :>      LINE:  81   Successfully initial all songs
[2022-07-19 15:06:13]-[INFO]-[D:\scu_mp3\scu_mp3\scu_mp3\music_Function.c] :>      LINE:  151   Successfully change color
[2022-07-19 15:06:39]-[INFO]-[D:\scu_mp3\scu_mp3\scu_mp3\music_Function.c] :>      LINE:  81   Successfully initial all songs
[2022-07-19 15:06:59]-[INFO]-[D:\scu_mp3\scu_mp3\scu_mp3\music_Function.c] :>      LINE:  33   Successfully create list called scu
[2022-07-19 15:07:05]-[INFO]-[D:\scu_mp3\scu_mp3\scu_mp3\music_Function.c] :>      LINE:  81   Successfully initial all songs
[2022-07-19 15:07:20]-[INFO]-[D:\scu_mp3\scu_mp3\scu_mp3\music_Function.c] :>      LINE:  81   Successfully initial all songs
[2022-07-19 15:07:32]-[INFO]-[D:\scu_mp3\scu_mp3\scu_mp3\music_Function.c] :>      LINE:  224   play music named  BEYOND-海阔天空.mp3  
[2022-07-19 15:07:32]-[INFO]-[D:\scu_mp3\scu_mp3\scu_mp3\music_Function.c] :>      LINE:  225   read lyric named  BEYOND-海阔天空.mp3  
[2022-07-19 15:07:35]-[INFO]-[D:\scu_mp3\scu_mp3\scu_mp3\music_Function.c] :>      LINE:  381   close music named  BEYOND-海阔天空.mp3  
[2022-07-19 15:07:35]-[INFO]-[D:\scu_mp3\scu_mp3\scu_mp3\music_Function.c] :>      LINE:  81   Successfully initial all songs
[2022-07-19 15:07:41]-[INFO]-[D:\scu_mp3\scu_mp3\scu_mp3\music_Function.c] :>      LINE:  81   Successfully initial all songs
[2022-07-19 15:07:46]-[INFO]-[D:\scu_mp3\scu_mp3\scu_mp3\music_Function.c] :>      LINE:  339   remove the 1st in scu
[2022-07-19 15:07:50]-[INFO]-[D:\scu_mp3\scu_mp3\scu_mp3\music_Function.c] :>      LINE:  81   Successfully initial all songs
[2022-07-19 15:10:31]-[INFO]-[D:\scu_mp3\scu_mp3\scu_mp3\music_Function.c] :>      LINE:  381   close music named  BEYOND-海阔天空.mp3  
[2022-07-19 15:10:31]-[INFO]-[D:\scu_mp3\scu_mp3\scu_mp3\music_Function.c] :>      LINE:  224   play music named  yihuik苡慧-银河与星斗.mp3  
[2022-07-19 15:10:31]-[INFO]-[D:\scu_mp3\scu_mp3\scu_mp3\music_Function.c] :>      LINE:  225   read lyric named  yihuik苡慧-银河与星斗.mp3  
