[2022-07-16 09:28:20]-[INFO]-[D:\scu_mp3\scu_mp3\scu_mp3\music_Function.c] :>      LINE:  132   Successfully initial all songs
[2022-07-16 09:28:25]-[INFO]-[D:\scu_mp3\scu_mp3\scu_mp3\music_Function.c] :>      LINE:  202   play music named  等什么君(邓寓君)-慕夏.mp3  
[2022-07-16 09:28:25]-[INFO]-[D:\scu_mp3\scu_mp3\scu_mp3\music_Function.c] :>      LINE:  203   read lyric named  等什么君(邓寓君)-慕夏.mp3  
[2022-07-16 09:31:48]-[INFO]-[D:\scu_mp3\scu_mp3\scu_mp3\music_Function.c] :>      LINE:  133   Successfully initial all songs
[2022-07-16 09:31:50]-[INFO]-[D:\scu_mp3\scu_mp3\scu_mp3\music_Function.c] :>      LINE:  203   play music named  等什么君(邓寓君)-慕夏.mp3  
[2022-07-16 09:31:50]-[INFO]-[D:\scu_mp3\scu_mp3\scu_mp3\music_Function.c] :>      LINE:  204   read lyric named  等什么君(邓寓君)-慕夏.mp3  
[2022-07-16 09:36:22]-[INFO]-[D:\scu_mp3\scu_mp3\scu_mp3\music_Function.c] :>      LINE:  133   Successfully initial all songs
[2022-07-16 09:36:48]-[INFO]-[D:\scu_mp3\scu_mp3\scu_mp3\music_Function.c] :>      LINE:  133   Successfully initial all songs
[2022-07-16 09:37:20]-[INFO]-[D:\scu_mp3\scu_mp3\scu_mp3\music_Function.c] :>      LINE:  133   Successfully initial all songs
[2022-07-16 09:39:37]-[INFO]-[D:\scu_mp3\scu_mp3\scu_mp3\music_Function.c] :>      LINE:  133   Successfully initial all songs
[2022-07-16 09:39:42]-[INFO]-[D:\scu_mp3\scu_mp3\scu_mp3\music_Function.c] :>      LINE:  133   Successfully initial all songs
[2022-07-16 09:40:05]-[INFO]-[D:\scu_mp3\scu_mp3\scu_mp3\music_Function.c] :>      LINE:  133   Successfully initial all songs
[2022-07-16 09:40:15]-[INFO]-[D:\scu_mp3\scu_mp3\scu_mp3\music_Function.c] :>      LINE:  133   Successfully initial all songs
[2022-07-16 09:40:23]-[INFO]-[D:\scu_mp3\scu_mp3\scu_mp3\music_Function.c] :>      LINE:  133   Successfully initial all songs
[2022-07-16 09:40:53]-[INFO]-[D:\scu_mp3\scu_mp3\scu_mp3\music_Function.c] :>      LINE:  133   Successfully initial all songs
[2022-07-16 09:40:56]-[ERROR]-[D:\scu_mp3\scu_mp3\scu_mp3\music_Function.c] :>   LINE:  178   input error
[2022-07-16 09:41:04]-[INFO]-[D:\scu_mp3\scu_mp3\scu_mp3\music_Function.c] :>      LINE:  203   play music named  温奕心-一路生花.mp3  
[2022-07-16 09:41:04]-[INFO]-[D:\scu_mp3\scu_mp3\scu_mp3\music_Function.c] :>      LINE:  204   read lyric named  温奕心-一路生花.mp3  
[2022-07-16 09:41:24]-[INFO]-[D:\scu_mp3\scu_mp3\scu_mp3\music_Function.c] :>      LINE:  133   Successfully initial all songs
[2022-07-16 09:41:30]-[INFO]-[D:\scu_mp3\scu_mp3\scu_mp3\music_Function.c] :>      LINE:  133   Successfully initial all songs
[2022-07-16 09:41:47]-[INFO]-[D:\scu_mp3\scu_mp3\scu_mp3\music_Function.c] :>      LINE:  133   Successfully initial all songs
[2022-07-16 09:41:53]-[INFO]-[D:\scu_mp3\scu_mp3\scu_mp3\music_Function.c] :>      LINE:  133   Successfully initial all songs
[2022-07-16 09:41:53]-[INFO]-[D:\scu_mp3\scu_mp3\scu_mp3\music_Function.c] :>      LINE:  133   Successfully initial all songs
[2022-07-16 09:56:06]-[INFO]-[D:\scu_mp3\scu_mp3\scu_mp3\music_Function.c] :>      LINE:  133   Successfully initial all songs
[2022-07-16 09:56:07]-[INFO]-[D:\scu_mp3\scu_mp3\scu_mp3\music_Function.c] :>      LINE:  203   play music named  等什么君(邓寓君)-慕夏.mp3  
[2022-07-16 09:56:07]-[INFO]-[D:\scu_mp3\scu_mp3\scu_mp3\music_Function.c] :>      LINE:  204   read lyric named  等什么君(邓寓君)-慕夏.mp3  
[2022-07-16 09:56:39]-[INFO]-[D:\scu_mp3\scu_mp3\scu_mp3\music_Function.c] :>      LINE:  133   Successfully initial all songs
[2022-07-16 09:56:42]-[INFO]-[D:\scu_mp3\scu_mp3\scu_mp3\music_Function.c] :>      LINE:  203   play music named  等什么君(邓寓君)-慕夏.mp3  
[2022-07-16 09:56:42]-[INFO]-[D:\scu_mp3\scu_mp3\scu_mp3\music_Function.c] :>      LINE:  204   read lyric named  等什么君(邓寓君)-慕夏.mp3  
[2022-07-16 09:57:42]-[INFO]-[D:\scu_mp3\scu_mp3\scu_mp3\music_Function.c] :>      LINE:  133   Successfully initial all songs
[2022-07-16 09:57:46]-[INFO]-[D:\scu_mp3\scu_mp3\scu_mp3\music_Function.c] :>      LINE:  203   play music named  等什么君(邓寓君)-慕夏.mp3  
[2022-07-16 09:57:46]-[INFO]-[D:\scu_mp3\scu_mp3\scu_mp3\music_Function.c] :>      LINE:  204   read lyric named  等什么君(邓寓君)-慕夏.mp3  
[2022-07-16 10:07:54]-[INFO]-[D:\scu_mp3\scu_mp3\scu_mp3\music_Function.c] :>      LINE:  133   Successfully initial all songs
[2022-07-16 10:07:55]-[INFO]-[D:\scu_mp3\scu_mp3\scu_mp3\music_Function.c] :>      LINE:  203   play music named  等什么君(邓寓君)-慕夏.mp3  
[2022-07-16 10:07:55]-[INFO]-[D:\scu_mp3\scu_mp3\scu_mp3\music_Function.c] :>      LINE:  204   read lyric named  等什么君(邓寓君)-慕夏.mp3  
[2022-07-16 10:07:57]-[INFO]-[D:\scu_mp3\scu_mp3\scu_mp3\music_Function.c] :>      LINE:  346   close music named  等什么君(邓寓君)-慕夏.mp3  
[2022-07-16 10:07:57]-[INFO]-[D:\scu_mp3\scu_mp3\scu_mp3\music_Function.c] :>      LINE:  203   play music named  等什么君(邓寓君)-慕夏.mp3  
[2022-07-16 10:07:57]-[INFO]-[D:\scu_mp3\scu_mp3\scu_mp3\music_Function.c] :>      LINE:  204   read lyric named  等什么君(邓寓君)-慕夏.mp3  
[2022-07-16 10:07:59]-[INFO]-[D:\scu_mp3\scu_mp3\scu_mp3\music_Function.c] :>      LINE:  346   close music named  等什么君(邓寓君)-慕夏.mp3  
[2022-07-16 10:07:59]-[INFO]-[D:\scu_mp3\scu_mp3\scu_mp3\music_Function.c] :>      LINE:  203   play music named  等什么君(邓寓君)-慕夏.mp3  
[2022-07-16 10:07:59]-[INFO]-[D:\scu_mp3\scu_mp3\scu_mp3\music_Function.c] :>      LINE:  204   read lyric named  等什么君(邓寓君)-慕夏.mp3  
[2022-07-16 10:08:00]-[INFO]-[D:\scu_mp3\scu_mp3\scu_mp3\music_Function.c] :>      LINE:  346   close music named  等什么君(邓寓君)-慕夏.mp3  
[2022-07-16 10:08:00]-[INFO]-[D:\scu_mp3\scu_mp3\scu_mp3\music_Function.c] :>      LINE:  203   play music named  等什么君(邓寓君)-慕夏.mp3  
[2022-07-16 10:08:00]-[INFO]-[D:\scu_mp3\scu_mp3\scu_mp3\music_Function.c] :>      LINE:  204   read lyric named  等什么君(邓寓君)-慕夏.mp3  
[2022-07-16 10:14:27]-[INFO]-[D:\scu_mp3\scu_mp3\scu_mp3\music_Function.c] :>      LINE:  133   Successfully initial all songs
[2022-07-16 10:14:29]-[INFO]-[D:\scu_mp3\scu_mp3\scu_mp3\music_Function.c] :>      LINE:  203   play music named  温奕心-一路生花.mp3  
[2022-07-16 10:14:29]-[INFO]-[D:\scu_mp3\scu_mp3\scu_mp3\music_Function.c] :>      LINE:  204   read lyric named  温奕心-一路生花.mp3  
[2022-07-16 10:14:31]-[INFO]-[D:\scu_mp3\scu_mp3\scu_mp3\music_Function.c] :>      LINE:  346   close music named  温奕心-一路生花.mp3  
[2022-07-16 10:14:31]-[INFO]-[D:\scu_mp3\scu_mp3\scu_mp3\music_Function.c] :>      LINE:  203   play music named  温奕心-一路生花.mp3  
[2022-07-16 10:14:31]-[INFO]-[D:\scu_mp3\scu_mp3\scu_mp3\music_Function.c] :>      LINE:  204   read lyric named  温奕心-一路生花.mp3  
[2022-07-16 10:14:33]-[INFO]-[D:\scu_mp3\scu_mp3\scu_mp3\music_Function.c] :>      LINE:  346   close music named  温奕心-一路生花.mp3  
[2022-07-16 10:14:33]-[INFO]-[D:\scu_mp3\scu_mp3\scu_mp3\music_Function.c] :>      LINE:  203   play music named  温奕心-一路生花.mp3  
[2022-07-16 10:14:33]-[INFO]-[D:\scu_mp3\scu_mp3\scu_mp3\music_Function.c] :>      LINE:  204   read lyric named  温奕心-一路生花.mp3  
[2022-07-16 10:14:35]-[INFO]-[D:\scu_mp3\scu_mp3\scu_mp3\music_Function.c] :>      LINE:  346   close music named  温奕心-一路生花.mp3  
[2022-07-16 10:14:35]-[INFO]-[D:\scu_mp3\scu_mp3\scu_mp3\music_Function.c] :>      LINE:  203   play music named  温奕心-一路生花.mp3  
[2022-07-16 10:14:35]-[INFO]-[D:\scu_mp3\scu_mp3\scu_mp3\music_Function.c] :>      LINE:  204   read lyric named  温奕心-一路生花.mp3  
[2022-07-16 10:14:36]-[INFO]-[D:\scu_mp3\scu_mp3\scu_mp3\music_Function.c] :>      LINE:  346   close music named  温奕心-一路生花.mp3  
[2022-07-16 10:14:37]-[INFO]-[D:\scu_mp3\scu_mp3\scu_mp3\music_Function.c] :>      LINE:  203   play music named  温奕心-一路生花.mp3  
[2022-07-16 10:14:37]-[INFO]-[D:\scu_mp3\scu_mp3\scu_mp3\music_Function.c] :>      LINE:  204   read lyric named  温奕心-一路生花.mp3  
[2022-07-16 10:15:03]-[INFO]-[D:\scu_mp3\scu_mp3\scu_mp3\music_Function.c] :>      LINE:  133   Successfully initial all songs
[2022-07-16 10:15:05]-[INFO]-[D:\scu_mp3\scu_mp3\scu_mp3\music_Function.c] :>      LINE:  203   play music named  温奕心-一路生花.mp3  
[2022-07-16 10:15:05]-[INFO]-[D:\scu_mp3\scu_mp3\scu_mp3\music_Function.c] :>      LINE:  204   read lyric named  温奕心-一路生花.mp3  
[2022-07-16 10:15:06]-[INFO]-[D:\scu_mp3\scu_mp3\scu_mp3\music_Function.c] :>      LINE:  346   close music named  温奕心-一路生花.mp3  
[2022-07-16 10:15:07]-[INFO]-[D:\scu_mp3\scu_mp3\scu_mp3\music_Function.c] :>      LINE:  203   play music named  温奕心-一路生花.mp3  
[2022-07-16 10:15:07]-[INFO]-[D:\scu_mp3\scu_mp3\scu_mp3\music_Function.c] :>      LINE:  204   read lyric named  温奕心-一路生花.mp3  
[2022-07-16 10:16:59]-[INFO]-[D:\scu_mp3\scu_mp3\scu_mp3\music_Function.c] :>      LINE:  133   Successfully initial all songs
[2022-07-16 10:17:01]-[INFO]-[D:\scu_mp3\scu_mp3\scu_mp3\music_Function.c] :>      LINE:  203   play music named  温奕心-一路生花.mp3  
[2022-07-16 10:17:01]-[INFO]-[D:\scu_mp3\scu_mp3\scu_mp3\music_Function.c] :>      LINE:  204   read lyric named  温奕心-一路生花.mp3  
[2022-07-16 10:17:02]-[INFO]-[D:\scu_mp3\scu_mp3\scu_mp3\music_Function.c] :>      LINE:  347   close music named  温奕心-一路生花.mp3  
[2022-07-16 10:17:02]-[INFO]-[D:\scu_mp3\scu_mp3\scu_mp3\music_Function.c] :>      LINE:  203   play music named  温奕心-一路生花.mp3  
[2022-07-16 10:17:02]-[INFO]-[D:\scu_mp3\scu_mp3\scu_mp3\music_Function.c] :>      LINE:  204   read lyric named  温奕心-一路生花.mp3  
[2022-07-16 10:17:04]-[INFO]-[D:\scu_mp3\scu_mp3\scu_mp3\music_Function.c] :>      LINE:  347   close music named  温奕心-一路生花.mp3  
[2022-07-16 10:17:15]-[INFO]-[D:\scu_mp3\scu_mp3\scu_mp3\music_Function.c] :>      LINE:  133   Successfully initial all songs
[2022-07-16 10:17:18]-[INFO]-[D:\scu_mp3\scu_mp3\scu_mp3\music_Function.c] :>      LINE:  203   play music named  温奕心-一路生花.mp3  
[2022-07-16 10:17:18]-[INFO]-[D:\scu_mp3\scu_mp3\scu_mp3\music_Function.c] :>      LINE:  204   read lyric named  温奕心-一路生花.mp3  
[2022-07-16 10:21:02]-[INFO]-[D:\scu_mp3\scu_mp3\scu_mp3\music_Function.c] :>      LINE:  133   Successfully initial all songs
[2022-07-16 10:21:04]-[INFO]-[D:\scu_mp3\scu_mp3\scu_mp3\music_Function.c] :>      LINE:  203   play music named  温奕心-一路生花.mp3  
[2022-07-16 10:21:04]-[INFO]-[D:\scu_mp3\scu_mp3\scu_mp3\music_Function.c] :>      LINE:  204   read lyric named  温奕心-一路生花.mp3  
[2022-07-16 10:22:59]-[INFO]-[D:\scu_mp3\scu_mp3\scu_mp3\music_Function.c] :>      LINE:  133   Successfully initial all songs
[2022-07-16 10:23:01]-[INFO]-[D:\scu_mp3\scu_mp3\scu_mp3\music_Function.c] :>      LINE:  203   play music named  温奕心-一路生花.mp3  
[2022-07-16 10:23:01]-[INFO]-[D:\scu_mp3\scu_mp3\scu_mp3\music_Function.c] :>      LINE:  204   read lyric named  温奕心-一路生花.mp3  
[2022-07-16 10:23:07]-[INFO]-[D:\scu_mp3\scu_mp3\scu_mp3\music_Function.c] :>      LINE:  348   close music named  温奕心-一路生花.mp3  
[2022-07-16 10:23:07]-[INFO]-[D:\scu_mp3\scu_mp3\scu_mp3\music_Function.c] :>      LINE:  203   play music named  温奕心-一路生花.mp3  
[2022-07-16 10:23:07]-[INFO]-[D:\scu_mp3\scu_mp3\scu_mp3\music_Function.c] :>      LINE:  204   read lyric named  温奕心-一路生花.mp3  
[2022-07-16 10:23:14]-[INFO]-[D:\scu_mp3\scu_mp3\scu_mp3\music_Function.c] :>      LINE:  348   close music named  温奕心-一路生花.mp3  
[2022-07-16 10:23:15]-[INFO]-[D:\scu_mp3\scu_mp3\scu_mp3\music_Function.c] :>      LINE:  203   play music named  温奕心-一路生花.mp3  
[2022-07-16 10:23:15]-[INFO]-[D:\scu_mp3\scu_mp3\scu_mp3\music_Function.c] :>      LINE:  204   read lyric named  温奕心-一路生花.mp3  
[2022-07-16 10:23:23]-[INFO]-[D:\scu_mp3\scu_mp3\scu_mp3\music_Function.c] :>      LINE:  348   close music named  温奕心-一路生花.mp3  
[2022-07-16 10:23:23]-[INFO]-[D:\scu_mp3\scu_mp3\scu_mp3\music_Function.c] :>      LINE:  203   play music named  温奕心-一路生花.mp3  
[2022-07-16 10:23:23]-[INFO]-[D:\scu_mp3\scu_mp3\scu_mp3\music_Function.c] :>      LINE:  204   read lyric named  温奕心-一路生花.mp3  
[2022-07-16 10:24:11]-[INFO]-[D:\scu_mp3\scu_mp3\scu_mp3\music_Function.c] :>      LINE:  133   Successfully initial all songs
[2022-07-16 10:24:13]-[INFO]-[D:\scu_mp3\scu_mp3\scu_mp3\music_Function.c] :>      LINE:  203   play music named  温奕心-一路生花.mp3  
[2022-07-16 10:24:13]-[INFO]-[D:\scu_mp3\scu_mp3\scu_mp3\music_Function.c] :>      LINE:  204   read lyric named  温奕心-一路生花.mp3  
[2022-07-16 10:24:18]-[INFO]-[D:\scu_mp3\scu_mp3\scu_mp3\music_Function.c] :>      LINE:  348   close music named  温奕心-一路生花.mp3  
[2022-07-16 10:24:18]-[INFO]-[D:\scu_mp3\scu_mp3\scu_mp3\music_Function.c] :>      LINE:  203   play music named  温奕心-一路生花.mp3  
[2022-07-16 10:24:18]-[INFO]-[D:\scu_mp3\scu_mp3\scu_mp3\music_Function.c] :>      LINE:  204   read lyric named  温奕心-一路生花.mp3  
[2022-07-16 10:24:23]-[INFO]-[D:\scu_mp3\scu_mp3\scu_mp3\music_Function.c] :>      LINE:  348   close music named  温奕心-一路生花.mp3  
[2022-07-16 10:24:23]-[INFO]-[D:\scu_mp3\scu_mp3\scu_mp3\music_Function.c] :>      LINE:  203   play music named  温奕心-一路生花.mp3  
[2022-07-16 10:24:23]-[INFO]-[D:\scu_mp3\scu_mp3\scu_mp3\music_Function.c] :>      LINE:  204   read lyric named  温奕心-一路生花.mp3  
[2022-07-16 10:25:22]-[INFO]-[D:\scu_mp3\scu_mp3\scu_mp3\music_Function.c] :>      LINE:  133   Successfully initial all songs
[2022-07-16 10:25:24]-[INFO]-[D:\scu_mp3\scu_mp3\scu_mp3\music_Function.c] :>      LINE:  203   play music named  温奕心-一路生花.mp3  
[2022-07-16 10:25:24]-[INFO]-[D:\scu_mp3\scu_mp3\scu_mp3\music_Function.c] :>      LINE:  204   read lyric named  温奕心-一路生花.mp3  
[2022-07-16 10:25:28]-[INFO]-[D:\scu_mp3\scu_mp3\scu_mp3\music_Function.c] :>      LINE:  348   close music named  温奕心-一路生花.mp3  
[2022-07-16 10:25:29]-[INFO]-[D:\scu_mp3\scu_mp3\scu_mp3\music_Function.c] :>      LINE:  203   play music named  温奕心-一路生花.mp3  
[2022-07-16 10:25:29]-[INFO]-[D:\scu_mp3\scu_mp3\scu_mp3\music_Function.c] :>      LINE:  204   read lyric named  温奕心-一路生花.mp3  
[2022-07-16 10:25:31]-[INFO]-[D:\scu_mp3\scu_mp3\scu_mp3\music_Function.c] :>      LINE:  348   close music named  温奕心-一路生花.mp3  
[2022-07-16 10:25:31]-[INFO]-[D:\scu_mp3\scu_mp3\scu_mp3\music_Function.c] :>      LINE:  203   play music named  温奕心-一路生花.mp3  
[2022-07-16 10:25:31]-[INFO]-[D:\scu_mp3\scu_mp3\scu_mp3\music_Function.c] :>      LINE:  204   read lyric named  温奕心-一路生花.mp3  
[2022-07-16 10:25:39]-[INFO]-[D:\scu_mp3\scu_mp3\scu_mp3\music_Function.c] :>      LINE:  348   close music named  温奕心-一路生花.mp3  
[2022-07-16 10:25:39]-[INFO]-[D:\scu_mp3\scu_mp3\scu_mp3\music_Function.c] :>      LINE:  203   play music named  温奕心-一路生花.mp3  
[2022-07-16 10:25:39]-[INFO]-[D:\scu_mp3\scu_mp3\scu_mp3\music_Function.c] :>      LINE:  204   read lyric named  温奕心-一路生花.mp3  
[2022-07-16 10:25:42]-[INFO]-[D:\scu_mp3\scu_mp3\scu_mp3\music_Function.c] :>      LINE:  348   close music named  温奕心-一路生花.mp3  
[2022-07-16 10:25:43]-[INFO]-[D:\scu_mp3\scu_mp3\scu_mp3\music_Function.c] :>      LINE:  203   play music named  温奕心-一路生花.mp3  
[2022-07-16 10:25:43]-[INFO]-[D:\scu_mp3\scu_mp3\scu_mp3\music_Function.c] :>      LINE:  204   read lyric named  温奕心-一路生花.mp3  
[2022-07-16 10:33:00]-[INFO]-[D:\scu_mp3\scu_mp3\scu_mp3\music_Function.c] :>      LINE:  133   Successfully initial all songs
[2022-07-16 10:33:03]-[INFO]-[D:\scu_mp3\scu_mp3\scu_mp3\music_Function.c] :>      LINE:  203   play music named  温奕心-一路生花.mp3  
[2022-07-16 10:33:03]-[INFO]-[D:\scu_mp3\scu_mp3\scu_mp3\music_Function.c] :>      LINE:  204   read lyric named  温奕心-一路生花.mp3  
[2022-07-16 10:35:24]-[INFO]-[D:\scu_mp3\scu_mp3\scu_mp3\music_Function.c] :>      LINE:  133   Successfully initial all songs
[2022-07-16 10:35:25]-[INFO]-[D:\scu_mp3\scu_mp3\scu_mp3\music_Function.c] :>      LINE:  203   play music named  温奕心-一路生花.mp3  
[2022-07-16 10:35:25]-[INFO]-[D:\scu_mp3\scu_mp3\scu_mp3\music_Function.c] :>      LINE:  204   read lyric named  温奕心-一路生花.mp3  
[2022-07-16 10:36:15]-[INFO]-[D:\scu_mp3\scu_mp3\scu_mp3\music_Function.c] :>      LINE:  133   Successfully initial all songs
[2022-07-16 10:36:17]-[INFO]-[D:\scu_mp3\scu_mp3\scu_mp3\music_Function.c] :>      LINE:  203   play music named  温奕心-一路生花.mp3  
[2022-07-16 10:36:17]-[INFO]-[D:\scu_mp3\scu_mp3\scu_mp3\music_Function.c] :>      LINE:  204   read lyric named  温奕心-一路生花.mp3  
[2022-07-16 10:37:31]-[INFO]-[D:\scu_mp3\scu_mp3\scu_mp3\music_Function.c] :>      LINE:  133   Successfully initial all songs
[2022-07-16 10:37:32]-[INFO]-[D:\scu_mp3\scu_mp3\scu_mp3\music_Function.c] :>      LINE:  203   play music named  温奕心-一路生花.mp3  
[2022-07-16 10:37:32]-[INFO]-[D:\scu_mp3\scu_mp3\scu_mp3\music_Function.c] :>      LINE:  204   read lyric named  温奕心-一路生花.mp3  
[2022-07-16 10:41:13]-[INFO]-[D:\scu_mp3\scu_mp3\scu_mp3\music_Function.c] :>      LINE:  133   Successfully initial all songs
[2022-07-16 10:41:16]-[INFO]-[D:\scu_mp3\scu_mp3\scu_mp3\music_Function.c] :>      LINE:  203   play music named  温奕心-一路生花.mp3  
[2022-07-16 10:41:16]-[INFO]-[D:\scu_mp3\scu_mp3\scu_mp3\music_Function.c] :>      LINE:  204   read lyric named  温奕心-一路生花.mp3  
[2022-07-16 10:41:22]-[INFO]-[D:\scu_mp3\scu_mp3\scu_mp3\music_Function.c] :>      LINE:  348   close music named  温奕心-一路生花.mp3  
[2022-07-16 10:41:22]-[INFO]-[D:\scu_mp3\scu_mp3\scu_mp3\music_Function.c] :>      LINE:  133   Successfully initial all songs
[2022-07-16 10:41:22]-[INFO]-[D:\scu_mp3\scu_mp3\scu_mp3\music_Function.c] :>      LINE:  133   Successfully initial all songs
[2022-07-16 10:41:22]-[INFO]-[D:\scu_mp3\scu_mp3\scu_mp3\music_Function.c] :>      LINE:  133   Successfully initial all songs
[2022-07-16 10:41:23]-[INFO]-[D:\scu_mp3\scu_mp3\scu_mp3\music_Function.c] :>      LINE:  133   Successfully initial all songs
[2022-07-16 14:18:26]-[INFO]-[D:\scu_mp3\scu_mp3\scu_mp3\music_Function.c] :>      LINE:  133   Successfully initial all songs
[2022-07-16 14:18:29]-[INFO]-[D:\scu_mp3\scu_mp3\scu_mp3\music_Function.c] :>      LINE:  203   play music named  等什么君(邓寓君)-慕夏.mp3  
[2022-07-16 14:18:29]-[INFO]-[D:\scu_mp3\scu_mp3\scu_mp3\music_Function.c] :>      LINE:  204   read lyric named  等什么君(邓寓君)-慕夏.mp3  
[2022-07-16 14:20:51]-[INFO]-[D:\scu_mp3\scu_mp3\scu_mp3\music_Function.c] :>      LINE:  133   Successfully initial all songs
[2022-07-16 14:20:53]-[INFO]-[D:\scu_mp3\scu_mp3\scu_mp3\music_Function.c] :>      LINE:  203   play music named  等什么君(邓寓君)-慕夏.mp3  
[2022-07-16 14:20:53]-[INFO]-[D:\scu_mp3\scu_mp3\scu_mp3\music_Function.c] :>      LINE:  204   read lyric named  等什么君(邓寓君)-慕夏.mp3  
[2022-07-16 14:21:19]-[INFO]-[D:\scu_mp3\scu_mp3\scu_mp3\music_Function.c] :>      LINE:  133   Successfully initial all songs
[2022-07-16 14:21:20]-[INFO]-[D:\scu_mp3\scu_mp3\scu_mp3\music_Function.c] :>      LINE:  203   play music named  等什么君(邓寓君)-慕夏.mp3  
[2022-07-16 14:21:20]-[INFO]-[D:\scu_mp3\scu_mp3\scu_mp3\music_Function.c] :>      LINE:  204   read lyric named  等什么君(邓寓君)-慕夏.mp3  
[2022-07-16 14:27:37]-[INFO]-[D:\scu_mp3\scu_mp3\scu_mp3\music_Function.c] :>      LINE:  133   Successfully initial all songs
[2022-07-16 14:27:40]-[INFO]-[D:\scu_mp3\scu_mp3\scu_mp3\music_Function.c] :>      LINE:  203   play music named  等什么君(邓寓君)-慕夏.mp3  
[2022-07-16 14:27:40]-[INFO]-[D:\scu_mp3\scu_mp3\scu_mp3\music_Function.c] :>      LINE:  204   read lyric named  等什么君(邓寓君)-慕夏.mp3  
[2022-07-16 14:28:28]-[INFO]-[D:\scu_mp3\scu_mp3\scu_mp3\music_Function.c] :>      LINE:  133   Successfully initial all songs
[2022-07-16 14:28:30]-[INFO]-[D:\scu_mp3\scu_mp3\scu_mp3\music_Function.c] :>      LINE:  203   play music named  等什么君(邓寓君)-慕夏.mp3  
[2022-07-16 14:28:30]-[INFO]-[D:\scu_mp3\scu_mp3\scu_mp3\music_Function.c] :>      LINE:  204   read lyric named  等什么君(邓寓君)-慕夏.mp3  
[2022-07-16 14:28:53]-[INFO]-[D:\scu_mp3\scu_mp3\scu_mp3\music_Function.c] :>      LINE:  133   Successfully initial all songs
[2022-07-16 14:28:54]-[INFO]-[D:\scu_mp3\scu_mp3\scu_mp3\music_Function.c] :>      LINE:  203   play music named  等什么君(邓寓君)-慕夏.mp3  
[2022-07-16 14:28:54]-[INFO]-[D:\scu_mp3\scu_mp3\scu_mp3\music_Function.c] :>      LINE:  204   read lyric named  等什么君(邓寓君)-慕夏.mp3  
[2022-07-16 14:32:41]-[INFO]-[D:\scu_mp3\scu_mp3\scu_mp3\music_Function.c] :>      LINE:  133   Successfully initial all songs
[2022-07-16 14:44:20]-[INFO]-[D:\scu_mp3\scu_mp3\scu_mp3\music_Function.c] :>      LINE:  133   Successfully initial all songs
[2022-07-16 14:44:22]-[INFO]-[D:\scu_mp3\scu_mp3\scu_mp3\music_Function.c] :>      LINE:  203   play music named  等什么君(邓寓君)-慕夏.mp3  
[2022-07-16 14:44:22]-[INFO]-[D:\scu_mp3\scu_mp3\scu_mp3\music_Function.c] :>      LINE:  204   read lyric named  等什么君(邓寓君)-慕夏.mp3  
[2022-07-16 14:45:49]-[INFO]-[D:\scu_mp3\scu_mp3\scu_mp3\music_Function.c] :>      LINE:  133   Successfully initial all songs
[2022-07-16 14:45:51]-[INFO]-[D:\scu_mp3\scu_mp3\scu_mp3\music_Function.c] :>      LINE:  203   play music named  等什么君(邓寓君)-慕夏.mp3  
[2022-07-16 14:45:51]-[INFO]-[D:\scu_mp3\scu_mp3\scu_mp3\music_Function.c] :>      LINE:  204   read lyric named  等什么君(邓寓君)-慕夏.mp3  
[2022-07-16 14:48:14]-[INFO]-[D:\scu_mp3\scu_mp3\scu_mp3\music_Function.c] :>      LINE:  133   Successfully initial all songs
[2022-07-16 14:48:16]-[INFO]-[D:\scu_mp3\scu_mp3\scu_mp3\music_Function.c] :>      LINE:  203   play music named  等什么君(邓寓君)-慕夏.mp3  
[2022-07-16 14:48:16]-[INFO]-[D:\scu_mp3\scu_mp3\scu_mp3\music_Function.c] :>      LINE:  204   read lyric named  等什么君(邓寓君)-慕夏.mp3  
[2022-07-16 14:48:33]-[INFO]-[D:\scu_mp3\scu_mp3\scu_mp3\music_Function.c] :>      LINE:  133   Successfully initial all songs
[2022-07-16 14:48:35]-[INFO]-[D:\scu_mp3\scu_mp3\scu_mp3\music_Function.c] :>      LINE:  203   play music named  等什么君(邓寓君)-慕夏.mp3  
[2022-07-16 14:48:35]-[INFO]-[D:\scu_mp3\scu_mp3\scu_mp3\music_Function.c] :>      LINE:  204   read lyric named  等什么君(邓寓君)-慕夏.mp3  
[2022-07-16 14:48:50]-[INFO]-[D:\scu_mp3\scu_mp3\scu_mp3\music_Function.c] :>      LINE:  133   Successfully initial all songs
[2022-07-16 14:48:51]-[INFO]-[D:\scu_mp3\scu_mp3\scu_mp3\music_Function.c] :>      LINE:  203   play music named  等什么君(邓寓君)-慕夏.mp3  
[2022-07-16 14:48:51]-[INFO]-[D:\scu_mp3\scu_mp3\scu_mp3\music_Function.c] :>      LINE:  204   read lyric named  等什么君(邓寓君)-慕夏.mp3  
[2022-07-16 14:49:44]-[INFO]-[D:\scu_mp3\scu_mp3\scu_mp3\music_Function.c] :>      LINE:  133   Successfully initial all songs
[2022-07-16 14:49:46]-[INFO]-[D:\scu_mp3\scu_mp3\scu_mp3\music_Function.c] :>      LINE:  203   play music named  等什么君(邓寓君)-慕夏.mp3  
[2022-07-16 14:49:46]-[INFO]-[D:\scu_mp3\scu_mp3\scu_mp3\music_Function.c] :>      LINE:  204   read lyric named  等什么君(邓寓君)-慕夏.mp3  
[2022-07-16 14:53:56]-[INFO]-[D:\scu_mp3\scu_mp3\scu_mp3\music_Function.c] :>      LINE:  133   Successfully initial all songs
[2022-07-16 14:53:59]-[INFO]-[D:\scu_mp3\scu_mp3\scu_mp3\music_Function.c] :>      LINE:  203   play music named  等什么君(邓寓君)-慕夏.mp3  
[2022-07-16 14:53:59]-[INFO]-[D:\scu_mp3\scu_mp3\scu_mp3\music_Function.c] :>      LINE:  204   read lyric named  等什么君(邓寓君)-慕夏.mp3  
[2022-07-16 14:56:36]-[INFO]-[D:\scu_mp3\scu_mp3\scu_mp3\music_Function.c] :>      LINE:  133   Successfully initial all songs
[2022-07-16 14:56:41]-[INFO]-[D:\scu_mp3\scu_mp3\scu_mp3\music_Function.c] :>      LINE:  203   play music named  等什么君(邓寓君)-慕夏.mp3  
[2022-07-16 14:56:41]-[INFO]-[D:\scu_mp3\scu_mp3\scu_mp3\music_Function.c] :>      LINE:  204   read lyric named  等什么君(邓寓君)-慕夏.mp3  
[2022-07-16 14:59:42]-[INFO]-[D:\scu_mp3\scu_mp3\scu_mp3\music_Function.c] :>      LINE:  133   Successfully initial all songs
[2022-07-16 14:59:45]-[INFO]-[D:\scu_mp3\scu_mp3\scu_mp3\music_Function.c] :>      LINE:  203   play music named  等什么君(邓寓君)-慕夏.mp3  
[2022-07-16 14:59:45]-[INFO]-[D:\scu_mp3\scu_mp3\scu_mp3\music_Function.c] :>      LINE:  204   read lyric named  等什么君(邓寓君)-慕夏.mp3  
[2022-07-16 15:06:43]-[INFO]-[D:\scu_mp3\scu_mp3\scu_mp3\music_Function.c] :>      LINE:  133   Successfully initial all songs
[2022-07-16 15:06:44]-[INFO]-[D:\scu_mp3\scu_mp3\scu_mp3\music_Function.c] :>      LINE:  203   play music named  等什么君(邓寓君)-慕夏.mp3  
[2022-07-16 15:06:44]-[INFO]-[D:\scu_mp3\scu_mp3\scu_mp3\music_Function.c] :>      LINE:  204   read lyric named  等什么君(邓寓君)-慕夏.mp3  
[2022-07-16 15:06:47]-[INFO]-[D:\scu_mp3\scu_mp3\scu_mp3\music_Function.c] :>      LINE:  133   Successfully initial all songs
[2022-07-16 15:08:24]-[INFO]-[D:\scu_mp3\scu_mp3\scu_mp3\music_Function.c] :>      LINE:  133   Successfully initial all songs
[2022-07-16 15:08:27]-[INFO]-[D:\scu_mp3\scu_mp3\scu_mp3\music_Function.c] :>      LINE:  203   play music named  等什么君(邓寓君)-慕夏.mp3  
[2022-07-16 15:08:27]-[INFO]-[D:\scu_mp3\scu_mp3\scu_mp3\music_Function.c] :>      LINE:  204   read lyric named  等什么君(邓寓君)-慕夏.mp3  
[2022-07-16 15:08:30]-[INFO]-[D:\scu_mp3\scu_mp3\scu_mp3\music_Function.c] :>      LINE:  133   Successfully initial all songs
[2022-07-16 15:14:16]-[INFO]-[D:\scu_mp3\scu_mp3\scu_mp3\music_Function.c] :>      LINE:  133   Successfully initial all songs
[2022-07-16 15:14:19]-[INFO]-[D:\scu_mp3\scu_mp3\scu_mp3\music_Function.c] :>      LINE:  203   play music named  等什么君(邓寓君)-慕夏.mp3  
[2022-07-16 15:14:19]-[INFO]-[D:\scu_mp3\scu_mp3\scu_mp3\music_Function.c] :>      LINE:  204   read lyric named  等什么君(邓寓君)-慕夏.mp3  
[2022-07-16 15:14:23]-[INFO]-[D:\scu_mp3\scu_mp3\scu_mp3\music_Function.c] :>      LINE:  133   Successfully initial all songs
[2022-07-16 15:18:01]-[INFO]-[D:\scu_mp3\scu_mp3\scu_mp3\music_Function.c] :>      LINE:  133   Successfully initial all songs
[2022-07-16 15:18:03]-[INFO]-[D:\scu_mp3\scu_mp3\scu_mp3\music_Function.c] :>      LINE:  203   play music named  等什么君(邓寓君)-慕夏.mp3  
[2022-07-16 15:18:03]-[INFO]-[D:\scu_mp3\scu_mp3\scu_mp3\music_Function.c] :>      LINE:  204   read lyric named  等什么君(邓寓君)-慕夏.mp3  
[2022-07-16 15:18:06]-[INFO]-[D:\scu_mp3\scu_mp3\scu_mp3\music_Function.c] :>      LINE:  133   Successfully initial all songs
[2022-07-16 15:18:37]-[INFO]-[D:\scu_mp3\scu_mp3\scu_mp3\music_Function.c] :>      LINE:  133   Successfully initial all songs
[2022-07-16 15:18:49]-[INFO]-[D:\scu_mp3\scu_mp3\scu_mp3\music_Function.c] :>      LINE:  203   play music named  等什么君(邓寓君)-慕夏.mp3  
[2022-07-16 15:18:49]-[INFO]-[D:\scu_mp3\scu_mp3\scu_mp3\music_Function.c] :>      LINE:  204   read lyric named  等什么君(邓寓君)-慕夏.mp3  
[2022-07-16 15:21:24]-[INFO]-[D:\scu_mp3\scu_mp3\scu_mp3\music_Function.c] :>      LINE:  133   Successfully initial all songs
[2022-07-16 15:21:26]-[INFO]-[D:\scu_mp3\scu_mp3\scu_mp3\music_Function.c] :>      LINE:  203   play music named  等什么君(邓寓君)-慕夏.mp3  
[2022-07-16 15:21:26]-[INFO]-[D:\scu_mp3\scu_mp3\scu_mp3\music_Function.c] :>      LINE:  204   read lyric named  等什么君(邓寓君)-慕夏.mp3  
[2022-07-16 15:23:17]-[INFO]-[D:\scu_mp3\scu_mp3\scu_mp3\music_Function.c] :>      LINE:  133   Successfully initial all songs
[2022-07-16 15:23:19]-[INFO]-[D:\scu_mp3\scu_mp3\scu_mp3\music_Function.c] :>      LINE:  203   play music named  等什么君(邓寓君)-慕夏.mp3  
[2022-07-16 15:23:19]-[INFO]-[D:\scu_mp3\scu_mp3\scu_mp3\music_Function.c] :>      LINE:  204   read lyric named  等什么君(邓寓君)-慕夏.mp3  
[2022-07-16 15:25:31]-[INFO]-[D:\scu_mp3\scu_mp3\scu_mp3\music_Function.c] :>      LINE:  133   Successfully initial all songs
[2022-07-16 15:25:34]-[INFO]-[D:\scu_mp3\scu_mp3\scu_mp3\music_Function.c] :>      LINE:  203   play music named  温奕心-一路生花.mp3  
[2022-07-16 15:25:34]-[INFO]-[D:\scu_mp3\scu_mp3\scu_mp3\music_Function.c] :>      LINE:  204   read lyric named  温奕心-一路生花.mp3  
[2022-07-16 15:25:38]-[INFO]-[D:\scu_mp3\scu_mp3\scu_mp3\music_Function.c] :>      LINE:  133   Successfully initial all songs
[2022-07-16 15:26:28]-[INFO]-[D:\scu_mp3\scu_mp3\scu_mp3\music_Function.c] :>      LINE:  133   Successfully initial all songs
[2022-07-16 15:26:32]-[INFO]-[D:\scu_mp3\scu_mp3\scu_mp3\music_Function.c] :>      LINE:  203   play music named  温奕心-一路生花.mp3  
[2022-07-16 15:26:32]-[INFO]-[D:\scu_mp3\scu_mp3\scu_mp3\music_Function.c] :>      LINE:  204   read lyric named  温奕心-一路生花.mp3  
[2022-07-16 15:27:25]-[INFO]-[D:\scu_mp3\scu_mp3\scu_mp3\music_Function.c] :>      LINE:  133   Successfully initial all songs
[2022-07-16 15:27:28]-[INFO]-[D:\scu_mp3\scu_mp3\scu_mp3\music_Function.c] :>      LINE:  203   play music named  温奕心-一路生花.mp3  
[2022-07-16 15:27:28]-[INFO]-[D:\scu_mp3\scu_mp3\scu_mp3\music_Function.c] :>      LINE:  204   read lyric named  温奕心-一路生花.mp3  
[2022-07-16 15:27:55]-[INFO]-[D:\scu_mp3\scu_mp3\scu_mp3\music_Function.c] :>      LINE:  133   Successfully initial all songs
[2022-07-16 15:27:58]-[INFO]-[D:\scu_mp3\scu_mp3\scu_mp3\music_Function.c] :>      LINE:  203   play music named  BEYOND-海阔天空.mp3  
[2022-07-16 15:27:58]-[INFO]-[D:\scu_mp3\scu_mp3\scu_mp3\music_Function.c] :>      LINE:  204   read lyric named  BEYOND-海阔天空.mp3  
[2022-07-16 15:28:47]-[INFO]-[D:\scu_mp3\scu_mp3\scu_mp3\music_Function.c] :>      LINE:  133   Successfully initial all songs
[2022-07-16 15:28:51]-[INFO]-[D:\scu_mp3\scu_mp3\scu_mp3\music_Function.c] :>      LINE:  203   play music named  温奕心-一路生花.mp3  
[2022-07-16 15:28:51]-[INFO]-[D:\scu_mp3\scu_mp3\scu_mp3\music_Function.c] :>      LINE:  204   read lyric named  温奕心-一路生花.mp3  
[2022-07-16 15:28:57]-[INFO]-[D:\scu_mp3\scu_mp3\scu_mp3\music_Function.c] :>      LINE:  133   Successfully initial all songs
[2022-07-16 15:28:59]-[INFO]-[D:\scu_mp3\scu_mp3\scu_mp3\music_Function.c] :>      LINE:  133   Successfully initial all songs
[2022-07-16 15:29:06]-[INFO]-[D:\scu_mp3\scu_mp3\scu_mp3\music_Function.c] :>      LINE:  203   play music named  温奕心-一路生花.mp3  
[2022-07-16 15:29:06]-[INFO]-[D:\scu_mp3\scu_mp3\scu_mp3\music_Function.c] :>      LINE:  204   read lyric named  温奕心-一路生花.mp3  
[2022-07-16 15:29:15]-[INFO]-[D:\scu_mp3\scu_mp3\scu_mp3\music_Function.c] :>      LINE:  133   Successfully initial all songs
[2022-07-16 15:29:20]-[INFO]-[D:\scu_mp3\scu_mp3\scu_mp3\music_Function.c] :>      LINE:  203   play music named  BEYOND-海阔天空.mp3  
[2022-07-16 15:29:20]-[INFO]-[D:\scu_mp3\scu_mp3\scu_mp3\music_Function.c] :>      LINE:  204   read lyric named  BEYOND-海阔天空.mp3  
[2022-07-16 15:29:26]-[INFO]-[D:\scu_mp3\scu_mp3\scu_mp3\music_Function.c] :>      LINE:  133   Successfully initial all songs
[2022-07-16 15:29:38]-[INFO]-[D:\scu_mp3\scu_mp3\scu_mp3\music_Function.c] :>      LINE:  203   play music named  BEYOND-海阔天空.mp3  
[2022-07-16 15:29:38]-[INFO]-[D:\scu_mp3\scu_mp3\scu_mp3\music_Function.c] :>      LINE:  204   read lyric named  BEYOND-海阔天空.mp3  
[2022-07-16 15:38:26]-[INFO]-[D:\scu_mp3\scu_mp3\scu_mp3\music_Function.c] :>      LINE:  133   Successfully initial all songs
[2022-07-16 15:38:30]-[INFO]-[D:\scu_mp3\scu_mp3\scu_mp3\music_Function.c] :>      LINE:  203   play music named  温奕心-一路生花.mp3  
[2022-07-16 15:38:30]-[INFO]-[D:\scu_mp3\scu_mp3\scu_mp3\music_Function.c] :>      LINE:  204   read lyric named  温奕心-一路生花.mp3  
[2022-07-16 15:38:48]-[INFO]-[D:\scu_mp3\scu_mp3\scu_mp3\music_Function.c] :>      LINE:  133   Successfully initial all songs
[2022-07-16 15:38:52]-[INFO]-[D:\scu_mp3\scu_mp3\scu_mp3\music_Function.c] :>      LINE:  203   play music named  温奕心-一路生花.mp3  
[2022-07-16 15:38:52]-[INFO]-[D:\scu_mp3\scu_mp3\scu_mp3\music_Function.c] :>      LINE:  204   read lyric named  温奕心-一路生花.mp3  
[2022-07-16 15:39:55]-[INFO]-[D:\scu_mp3\scu_mp3\scu_mp3\music_Function.c] :>      LINE:  133   Successfully initial all songs
[2022-07-16 15:39:59]-[INFO]-[D:\scu_mp3\scu_mp3\scu_mp3\music_Function.c] :>      LINE:  203   play music named  温奕心-一路生花.mp3  
[2022-07-16 15:39:59]-[INFO]-[D:\scu_mp3\scu_mp3\scu_mp3\music_Function.c] :>      LINE:  204   read lyric named  温奕心-一路生花.mp3  
[2022-07-16 15:40:17]-[INFO]-[D:\scu_mp3\scu_mp3\scu_mp3\music_Function.c] :>      LINE:  133   Successfully initial all songs
[2022-07-16 15:40:29]-[INFO]-[D:\scu_mp3\scu_mp3\scu_mp3\music_Function.c] :>      LINE:  203   play music named  温奕心-一路生花.mp3  
[2022-07-16 15:40:29]-[INFO]-[D:\scu_mp3\scu_mp3\scu_mp3\music_Function.c] :>      LINE:  204   read lyric named  温奕心-一路生花.mp3  
[2022-07-16 15:48:07]-[INFO]-[D:\scu_mp3\scu_mp3\scu_mp3\music_Function.c] :>      LINE:  133   Successfully initial all songs
[2022-07-16 15:48:12]-[INFO]-[D:\scu_mp3\scu_mp3\scu_mp3\music_Function.c] :>      LINE:  203   play music named  温奕心-一路生花.mp3  
[2022-07-16 15:48:12]-[INFO]-[D:\scu_mp3\scu_mp3\scu_mp3\music_Function.c] :>      LINE:  204   read lyric named  温奕心-一路生花.mp3  
[2022-07-16 15:48:21]-[INFO]-[D:\scu_mp3\scu_mp3\scu_mp3\music_Function.c] :>      LINE:  133   Successfully initial all songs
[2022-07-16 15:49:06]-[INFO]-[D:\scu_mp3\scu_mp3\scu_mp3\music_Function.c] :>      LINE:  133   Successfully initial all songs
[2022-07-16 15:49:19]-[INFO]-[D:\scu_mp3\scu_mp3\scu_mp3\music_Function.c] :>      LINE:  203   play music named  温奕心-一路生花.mp3  
[2022-07-16 15:49:19]-[INFO]-[D:\scu_mp3\scu_mp3\scu_mp3\music_Function.c] :>      LINE:  204   read lyric named  温奕心-一路生花.mp3  
[2022-07-16 15:50:48]-[INFO]-[D:\scu_mp3\scu_mp3\scu_mp3\music_Function.c] :>      LINE:  133   Successfully initial all songs
[2022-07-16 15:50:51]-[INFO]-[D:\scu_mp3\scu_mp3\scu_mp3\music_Function.c] :>      LINE:  203   play music named  BEYOND-海阔天空.mp3  
[2022-07-16 15:50:51]-[INFO]-[D:\scu_mp3\scu_mp3\scu_mp3\music_Function.c] :>      LINE:  204   read lyric named  BEYOND-海阔天空.mp3  
[2022-07-16 15:51:17]-[INFO]-[D:\scu_mp3\scu_mp3\scu_mp3\music_Function.c] :>      LINE:  133   Successfully initial all songs
[2022-07-16 15:53:24]-[INFO]-[D:\scu_mp3\scu_mp3\scu_mp3\music_Function.c] :>      LINE:  133   Successfully initial all songs
[2022-07-16 15:53:26]-[INFO]-[D:\scu_mp3\scu_mp3\scu_mp3\music_Function.c] :>      LINE:  203   play music named  BEYOND-海阔天空.mp3  
[2022-07-16 15:53:26]-[INFO]-[D:\scu_mp3\scu_mp3\scu_mp3\music_Function.c] :>      LINE:  204   read lyric named  BEYOND-海阔天空.mp3  
[2022-07-16 15:53:42]-[INFO]-[D:\scu_mp3\scu_mp3\scu_mp3\music_Function.c] :>      LINE:  133   Successfully initial all songs
[2022-07-16 15:53:45]-[INFO]-[D:\scu_mp3\scu_mp3\scu_mp3\music_Function.c] :>      LINE:  203   play music named  BEYOND-海阔天空.mp3  
[2022-07-16 15:53:45]-[INFO]-[D:\scu_mp3\scu_mp3\scu_mp3\music_Function.c] :>      LINE:  204   read lyric named  BEYOND-海阔天空.mp3  
[2022-07-16 15:53:52]-[INFO]-[D:\scu_mp3\scu_mp3\scu_mp3\music_Function.c] :>      LINE:  133   Successfully initial all songs
[2022-07-16 15:56:15]-[INFO]-[D:\scu_mp3\scu_mp3\scu_mp3\music_Function.c] :>      LINE:  133   Successfully initial all songs
[2022-07-16 15:56:18]-[INFO]-[D:\scu_mp3\scu_mp3\scu_mp3\music_Function.c] :>      LINE:  203   play music named  LanaDelRey-LookingForAmerica.mp3  
[2022-07-16 15:56:18]-[INFO]-[D:\scu_mp3\scu_mp3\scu_mp3\music_Function.c] :>      LINE:  204   read lyric named  LanaDelRey-LookingForAmerica.mp3  
[2022-07-16 16:00:48]-[INFO]-[D:\scu_mp3\scu_mp3\scu_mp3\music_Function.c] :>      LINE:  133   Successfully initial all songs
[2022-07-16 16:00:52]-[INFO]-[D:\scu_mp3\scu_mp3\scu_mp3\music_Function.c] :>      LINE:  203   play music named  等什么君(邓寓君)-慕夏.mp3  
[2022-07-16 16:00:52]-[INFO]-[D:\scu_mp3\scu_mp3\scu_mp3\music_Function.c] :>      LINE:  204   read lyric named  等什么君(邓寓君)-慕夏.mp3  
[2022-07-16 16:01:47]-[INFO]-[D:\scu_mp3\scu_mp3\scu_mp3\music_Function.c] :>      LINE:  341   close music named  等什么君(邓寓君)-慕夏.mp3  
[2022-07-16 16:01:47]-[INFO]-[D:\scu_mp3\scu_mp3\scu_mp3\music_Function.c] :>      LINE:  203   play music named  等什么君(邓寓君)-天下.mp3  
[2022-07-16 16:01:47]-[INFO]-[D:\scu_mp3\scu_mp3\scu_mp3\music_Function.c] :>      LINE:  204   read lyric named  等什么君(邓寓君)-天下.mp3  
[2022-07-16 16:01:49]-[INFO]-[D:\scu_mp3\scu_mp3\scu_mp3\music_Function.c] :>      LINE:  341   close music named  等什么君(邓寓君)-天下.mp3  
[2022-07-16 16:01:49]-[INFO]-[D:\scu_mp3\scu_mp3\scu_mp3\music_Function.c] :>      LINE:  203   play music named  温奕心-一路生花.mp3  
[2022-07-16 16:01:49]-[INFO]-[D:\scu_mp3\scu_mp3\scu_mp3\music_Function.c] :>      LINE:  204   read lyric named  温奕心-一路生花.mp3  
[2022-07-16 16:02:55]-[INFO]-[D:\scu_mp3\scu_mp3\scu_mp3\music_Function.c] :>      LINE:  341   close music named  温奕心-一路生花.mp3  
[2022-07-16 16:02:55]-[INFO]-[D:\scu_mp3\scu_mp3\scu_mp3\music_Function.c] :>      LINE:  203   play music named  等什么君(邓寓君)-天下.mp3  
[2022-07-16 16:02:55]-[INFO]-[D:\scu_mp3\scu_mp3\scu_mp3\music_Function.c] :>      LINE:  204   read lyric named  等什么君(邓寓君)-天下.mp3  
[2022-07-16 16:03:09]-[INFO]-[D:\scu_mp3\scu_mp3\scu_mp3\music_Function.c] :>      LINE:  341   close music named  等什么君(邓寓君)-天下.mp3  
[2022-07-16 16:04:08]-[INFO]-[D:\scu_mp3\scu_mp3\scu_mp3\music_Function.c] :>      LINE:  133   Successfully initial all songs
[2022-07-16 16:04:16]-[INFO]-[D:\scu_mp3\scu_mp3\scu_mp3\music_Function.c] :>      LINE:  203   play music named  等什么君(邓寓君)-慕夏.mp3  
[2022-07-16 16:04:16]-[INFO]-[D:\scu_mp3\scu_mp3\scu_mp3\music_Function.c] :>      LINE:  204   read lyric named  等什么君(邓寓君)-慕夏.mp3  
[2022-07-16 16:04:25]-[INFO]-[D:\scu_mp3\scu_mp3\scu_mp3\music_Function.c] :>      LINE:  342   close music named  等什么君(邓寓君)-慕夏.mp3  
[2022-07-16 16:04:25]-[INFO]-[D:\scu_mp3\scu_mp3\scu_mp3\music_Function.c] :>      LINE:  133   Successfully initial all songs
[2022-07-16 16:05:25]-[INFO]-[D:\scu_mp3\scu_mp3\scu_mp3\music_Function.c] :>      LINE:  133   Successfully initial all songs
[2022-07-16 16:05:29]-[INFO]-[D:\scu_mp3\scu_mp3\scu_mp3\music_Function.c] :>      LINE:  203   play music named  温奕心-一路生花.mp3  
[2022-07-16 16:05:29]-[INFO]-[D:\scu_mp3\scu_mp3\scu_mp3\music_Function.c] :>      LINE:  204   read lyric named  温奕心-一路生花.mp3  
[2022-07-16 16:05:43]-[INFO]-[D:\scu_mp3\scu_mp3\scu_mp3\music_Function.c] :>      LINE:  342   close music named  温奕心-一路生花.mp3  
[2022-07-16 16:05:43]-[INFO]-[D:\scu_mp3\scu_mp3\scu_mp3\music_Function.c] :>      LINE:  203   play music named  海伦-画离弦.mp3  
[2022-07-16 16:05:43]-[INFO]-[D:\scu_mp3\scu_mp3\scu_mp3\music_Function.c] :>      LINE:  204   read lyric named  海伦-画离弦.mp3  
[2022-07-16 16:05:44]-[INFO]-[D:\scu_mp3\scu_mp3\scu_mp3\music_Function.c] :>      LINE:  342   close music named  海伦-画离弦.mp3  
[2022-07-16 16:05:44]-[INFO]-[D:\scu_mp3\scu_mp3\scu_mp3\music_Function.c] :>      LINE:  203   play music named  温奕心-一路生花.mp3  
[2022-07-16 16:05:44]-[INFO]-[D:\scu_mp3\scu_mp3\scu_mp3\music_Function.c] :>      LINE:  204   read lyric named  温奕心-一路生花.mp3  
[2022-07-16 16:05:46]-[INFO]-[D:\scu_mp3\scu_mp3\scu_mp3\music_Function.c] :>      LINE:  342   close music named  温奕心-一路生花.mp3  
[2022-07-16 16:05:46]-[INFO]-[D:\scu_mp3\scu_mp3\scu_mp3\music_Function.c] :>      LINE:  203   play music named  等什么君(邓寓君)-天下.mp3  
[2022-07-16 16:05:46]-[INFO]-[D:\scu_mp3\scu_mp3\scu_mp3\music_Function.c] :>      LINE:  204   read lyric named  等什么君(邓寓君)-天下.mp3  
[2022-07-16 16:05:54]-[INFO]-[D:\scu_mp3\scu_mp3\scu_mp3\music_Function.c] :>      LINE:  342   close music named  等什么君(邓寓君)-天下.mp3  
[2022-07-16 16:05:59]-[INFO]-[D:\scu_mp3\scu_mp3\scu_mp3\music_Function.c] :>      LINE:  342   close music named  等什么君(邓寓君)-天下.mp3  
[2022-07-16 16:06:00]-[INFO]-[D:\scu_mp3\scu_mp3\scu_mp3\music_Function.c] :>      LINE:  342   close music named  温奕心-一路生花.mp3  
[2022-07-16 16:06:03]-[INFO]-[D:\scu_mp3\scu_mp3\scu_mp3\music_Function.c] :>      LINE:  342   close music named  海伦-画离弦.mp3  
[2022-07-16 16:06:03]-[INFO]-[D:\scu_mp3\scu_mp3\scu_mp3\music_Function.c] :>      LINE:  133   Successfully initial all songs
[2022-07-16 16:06:03]-[INFO]-[D:\scu_mp3\scu_mp3\scu_mp3\music_Function.c] :>      LINE:  133   Successfully initial all songs
[2022-07-16 16:06:03]-[INFO]-[D:\scu_mp3\scu_mp3\scu_mp3\music_Function.c] :>      LINE:  133   Successfully initial all songs
[2022-07-16 16:06:03]-[INFO]-[D:\scu_mp3\scu_mp3\scu_mp3\music_Function.c] :>      LINE:  133   Successfully initial all songs
[2022-07-16 16:06:03]-[INFO]-[D:\scu_mp3\scu_mp3\scu_mp3\music_Function.c] :>      LINE:  133   Successfully initial all songs
[2022-07-16 16:06:03]-[INFO]-[D:\scu_mp3\scu_mp3\scu_mp3\music_Function.c] :>      LINE:  133   Successfully initial all songs
[2022-07-16 16:06:03]-[INFO]-[D:\scu_mp3\scu_mp3\scu_mp3\music_Function.c] :>      LINE:  133   Successfully initial all songs
[2022-07-16 16:06:03]-[INFO]-[D:\scu_mp3\scu_mp3\scu_mp3\music_Function.c] :>      LINE:  133   Successfully initial all songs
[2022-07-16 16:06:03]-[INFO]-[D:\scu_mp3\scu_mp3\scu_mp3\music_Function.c] :>      LINE:  133   Successfully initial all songs
[2022-07-16 16:06:03]-[INFO]-[D:\scu_mp3\scu_mp3\scu_mp3\music_Function.c] :>      LINE:  133   Successfully initial all songs
[2022-07-16 16:06:03]-[INFO]-[D:\scu_mp3\scu_mp3\scu_mp3\music_Function.c] :>      LINE:  133   Successfully initial all songs
[2022-07-16 16:06:03]-[INFO]-[D:\scu_mp3\scu_mp3\scu_mp3\music_Function.c] :>      LINE:  133   Successfully initial all songs
[2022-07-16 16:06:03]-[INFO]-[D:\scu_mp3\scu_mp3\scu_mp3\music_Function.c] :>      LINE:  133   Successfully initial all songs
[2022-07-16 16:06:03]-[INFO]-[D:\scu_mp3\scu_mp3\scu_mp3\music_Function.c] :>      LINE:  133   Successfully initial all songs
[2022-07-16 16:06:03]-[INFO]-[D:\scu_mp3\scu_mp3\scu_mp3\music_Function.c] :>      LINE:  133   Successfully initial all songs
[2022-07-16 16:06:03]-[INFO]-[D:\scu_mp3\scu_mp3\scu_mp3\music_Function.c] :>      LINE:  133   Successfully initial all songs
[2022-07-16 16:06:03]-[INFO]-[D:\scu_mp3\scu_mp3\scu_mp3\music_Function.c] :>      LINE:  133   Successfully initial all songs
[2022-07-16 16:06:07]-[INFO]-[D:\scu_mp3\scu_mp3\scu_mp3\music_Function.c] :>      LINE:  203   play music named  七叔（叶泽浩）-半生雪.mp3  
[2022-07-16 16:06:07]-[INFO]-[D:\scu_mp3\scu_mp3\scu_mp3\music_Function.c] :>      LINE:  204   read lyric named  七叔（叶泽浩）-半生雪.mp3  
[2022-07-16 16:06:09]-[INFO]-[D:\scu_mp3\scu_mp3\scu_mp3\music_Function.c] :>      LINE:  342   close music named  七叔（叶泽浩）-半生雪.mp3  
[2022-07-16 16:06:09]-[INFO]-[D:\scu_mp3\scu_mp3\scu_mp3\music_Function.c] :>      LINE:  133   Successfully initial all songs
[2022-07-16 16:06:09]-[INFO]-[D:\scu_mp3\scu_mp3\scu_mp3\music_Function.c] :>      LINE:  133   Successfully initial all songs
[2022-07-16 16:06:10]-[INFO]-[D:\scu_mp3\scu_mp3\scu_mp3\music_Function.c] :>      LINE:  133   Successfully initial all songs
[2022-07-16 16:06:14]-[INFO]-[D:\scu_mp3\scu_mp3\scu_mp3\music_Function.c] :>      LINE:  203   play music named  于果-侧脸.mp3  
[2022-07-16 16:06:14]-[INFO]-[D:\scu_mp3\scu_mp3\scu_mp3\music_Function.c] :>      LINE:  204   read lyric named  于果-侧脸.mp3  
[2022-07-16 16:06:18]-[INFO]-[D:\scu_mp3\scu_mp3\scu_mp3\music_Function.c] :>      LINE:  342   close music named  于果-侧脸.mp3  
[2022-07-16 16:06:18]-[INFO]-[D:\scu_mp3\scu_mp3\scu_mp3\music_Function.c] :>      LINE:  133   Successfully initial all songs
[2022-07-16 16:06:18]-[INFO]-[D:\scu_mp3\scu_mp3\scu_mp3\music_Function.c] :>      LINE:  133   Successfully initial all songs
[2022-07-16 16:06:18]-[INFO]-[D:\scu_mp3\scu_mp3\scu_mp3\music_Function.c] :>      LINE:  133   Successfully initial all songs
[2022-07-16 16:08:22]-[INFO]-[D:\scu_mp3\scu_mp3\scu_mp3\music_Function.c] :>      LINE:  133   Successfully initial all songs
[2022-07-16 16:08:25]-[INFO]-[D:\scu_mp3\scu_mp3\scu_mp3\music_Function.c] :>      LINE:  203   play music named  七叔（叶泽浩）-半生雪.mp3  
[2022-07-16 16:08:25]-[INFO]-[D:\scu_mp3\scu_mp3\scu_mp3\music_Function.c] :>      LINE:  204   read lyric named  七叔（叶泽浩）-半生雪.mp3  
[2022-07-16 16:08:30]-[INFO]-[D:\scu_mp3\scu_mp3\scu_mp3\music_Function.c] :>      LINE:  342   close music named  七叔（叶泽浩）-半生雪.mp3  
[2022-07-16 16:08:30]-[INFO]-[D:\scu_mp3\scu_mp3\scu_mp3\music_Function.c] :>      LINE:  133   Successfully initial all songs
[2022-07-16 16:08:30]-[INFO]-[D:\scu_mp3\scu_mp3\scu_mp3\music_Function.c] :>      LINE:  133   Successfully initial all songs
[2022-07-16 16:08:34]-[ERROR]-[D:\scu_mp3\scu_mp3\scu_mp3\music_Function.c] :>   LINE:  178   input error
[2022-07-16 16:08:36]-[INFO]-[D:\scu_mp3\scu_mp3\scu_mp3\music_Function.c] :>      LINE:  203   play music named  于果-侧脸.mp3  
[2022-07-16 16:08:36]-[INFO]-[D:\scu_mp3\scu_mp3\scu_mp3\music_Function.c] :>      LINE:  204   read lyric named  于果-侧脸.mp3  
[2022-07-16 16:08:40]-[INFO]-[D:\scu_mp3\scu_mp3\scu_mp3\music_Function.c] :>      LINE:  342   close music named  于果-侧脸.mp3  
[2022-07-16 16:08:40]-[INFO]-[D:\scu_mp3\scu_mp3\scu_mp3\music_Function.c] :>      LINE:  133   Successfully initial all songs
[2022-07-16 16:08:40]-[INFO]-[D:\scu_mp3\scu_mp3\scu_mp3\music_Function.c] :>      LINE:  133   Successfully initial all songs
